[6460:6588:1223/231110.038:INFO:components\enterprise\browser\controller\chrome_browser_cloud_management_controller.cc:206] No machine level policy manager exists.
[4684:5068:1223/231110.323:ERROR:ui\gl\direct_composition_support.cc:616] AMD VideoProcessorGetOutputExtension failed: The parameter is incorrect. (0x80070057)
[6460:6588:1223/231111.716:INFO:CONSOLE:1] "The AudioContext was not allowed to start. It must be resumed (or created) after a user gesture on the page. https://developer.chrome.com/blog/autoplay/#web_audio", source: https://www.chess.com/bundles/app/js/coach-client.chunk.client.23b3e9d1.js (1)
[6460:6588:1223/231111.871:INFO:CONSOLE:15] "Allow attribute will take precedence over 'allowfullscreen'.", source: https://www.chess.com/bundles/app/js/vue.dll.b98f9461.js (15)
[6460:6588:1223/231112.174:INFO:CONSOLE:1] "The AudioContext was not allowed to start. It must be resumed (or created) after a user gesture on the page. https://developer.chrome.com/blog/autoplay/#web_audio", source: https://www.chess.com/bundles/app/js/coach-client.chunk.client.f9bbb3d4.js (1)
[6460:6588:1223/231112.235:INFO:CONSOLE:1] "%craven%c Raven v1.16.0-sj05vn background-color:#000;margin-left:1px;padding:1px 3px;font-size:0.75em;color:#ffffff; font-size:0.9em;", source: https://www.chess.com/bundles/app/js/sentry.client.4859757e.js (1)
[6460:6588:1223/231112.624:INFO:CONSOLE:1] "[GPT] Using deprecated googletag.encryptedSignalProviders. Please use googletag.secureSignalProviders instead.
https://goo.gle/gpt-message#155", source: https://www.chess.com/bundles/app/js/sentry.client.4859757e.js (1)
[6460:6588:1223/231112.648:INFO:CONSOLE:0] "Attestation check for Attribution Reporting on https://pixel.quantcount.com failed.", source: https://www.chess.com/home (0)
[6460:6588:1223/231112.718:INFO:CONSOLE:1] "⚠️ React Router Future Flag Warning: React Router will begin wrapping state updates in `React.startTransition` in v7. You can use the `v7_startTransition` future flag to opt-in early. For more information, see https://reactrouter.com/v6/upgrading/future#v7_starttransition.", source: https://assets.twitch.tv/assets/98381-3c074b749297de73a015.js (1)
[6460:6588:1223/231112.718:INFO:CONSOLE:1] "⚠️ React Router Future Flag Warning: Relative route resolution within Splat routes is changing in v7. You can use the `v7_relativeSplatPath` future flag to opt-in early. For more information, see https://reactrouter.com/v6/upgrading/future#v7_relativesplatpath.", source: https://assets.twitch.tv/assets/98381-3c074b749297de73a015.js (1)
[6460:6588:1223/231113.183:INFO:CONSOLE:1] "Amazon IVS Player SDK 1.48.0-rc.3", source: https://assets.twitch.tv/assets/amazon-ivs-wasmworker.min-d93ef086db8694d73a04.js (1)
[6460:6588:1223/231113.412:INFO:CONSOLE:1] "MediaCapabilities found [object Object],[object Object],[object Object],[object Object],[object Object]", source: https://assets.twitch.tv/assets/amazon-ivs-wasmworker.min-d93ef086db8694d73a04.js (1)
[20468:16700:1223/231113.839:INFO:third_party\blink\renderer\modules\peerconnection\peer_connection_dependency_factory.cc:923] Running WebRTC with a combined Network and Worker thread.
[6460:6588:1223/231114.384:INFO:CONSOLE:3] "Permissions policy violation: encrypted-media is not allowed in this document.", source:  (3)
[6460:6588:1223/231114.384:INFO:CONSOLE:3] "Encrypted Media access has been blocked because of a Feature Policy applied to the current document. See https://crbug.com/414348233 for more details.", source:  (3)
[6460:6588:1223/231114.384:INFO:CONSOLE:3] "Permissions policy violation: encrypted-media is not allowed in this document.", source:  (3)
[6460:6588:1223/231114.384:INFO:CONSOLE:3] "Encrypted Media access has been blocked because of a Feature Policy applied to the current document. See https://crbug.com/414348233 for more details.", source:  (3)
[6460:6588:1223/231114.385:INFO:CONSOLE:3] "Permissions policy violation: encrypted-media is not allowed in this document.", source:  (3)
[6460:6588:1223/231114.385:INFO:CONSOLE:3] "Encrypted Media access has been blocked because of a Feature Policy applied to the current document. See https://crbug.com/414348233 for more details.", source:  (3)
[6460:6588:1223/231114.386:INFO:CONSOLE:3] "Permissions policy violation: encrypted-media is not allowed in this document.", source:  (3)
[6460:6588:1223/231114.386:INFO:CONSOLE:3] "Encrypted Media access has been blocked because of a Feature Policy applied to the current document. See https://crbug.com/414348233 for more details.", source:  (3)
[6460:6588:1223/231114.609:INFO:CONSOLE:1] "23:11:14 - (playback-monitor) Config changed [object Object]", source: https://assets.twitch.tv/assets/player-core-variant-a-3b9f488b443b45db3784.js (1)
[20468:16700:1223/231114.675:INFO:third_party\blink\renderer\modules\peerconnection\peer_connection_dependency_factory.cc:923] Running WebRTC with a combined Network and Worker thread.
[6460:6588:1223/231114.683:INFO:CONSOLE:3] "Permissions policy violation: encrypted-media is not allowed in this document.", source:  (3)
[6460:6588:1223/231114.683:INFO:CONSOLE:3] "Encrypted Media access has been blocked because of a Feature Policy applied to the current document. See https://crbug.com/414348233 for more details.", source:  (3)
[6460:6588:1223/231114.683:INFO:CONSOLE:3] "Permissions policy violation: encrypted-media is not allowed in this document.", source:  (3)
[6460:6588:1223/231114.683:INFO:CONSOLE:3] "Encrypted Media access has been blocked because of a Feature Policy applied to the current document. See https://crbug.com/414348233 for more details.", source:  (3)
[6460:6588:1223/231114.684:INFO:CONSOLE:3] "Permissions policy violation: encrypted-media is not allowed in this document.", source:  (3)
[6460:6588:1223/231114.684:INFO:CONSOLE:3] "Encrypted Media access has been blocked because of a Feature Policy applied to the current document. See https://crbug.com/414348233 for more details.", source:  (3)
[6460:6588:1223/231114.684:INFO:CONSOLE:3] "Permissions policy violation: encrypted-media is not allowed in this document.", source:  (3)
[6460:6588:1223/231114.684:INFO:CONSOLE:3] "Encrypted Media access has been blocked because of a Feature Policy applied to the current document. See https://crbug.com/414348233 for more details.", source:  (3)
[6460:6588:1223/231114.765:INFO:CONSOLE:0] "The resource https://www.chess.com/bundles/app/css/alerts.client.d17136ee.css was preloaded using link preload but not used within a few seconds from the window's load event. Please make sure it has an appropriate `as` value and it is preloaded intentionally.", source: https://www.chess.com/home (0)
[6460:6588:1223/231114.886:INFO:CONSOLE:0] "Uncaught (in promise) SecurityError: getLayoutMap() must be called from a top-level browsing context or allowed by the permission policy.", source: https://gql.twitch.tv/149e9513-01fa-4fb0-aad4-566afd725d1b/2d206a39-8ed7-437e-a3be-862e0f06eea3/fp?x-kpsdk-v=j-1.2.94 (0)
[6460:6588:1223/231115.139:INFO:CONSOLE:0] "Uncaught (in promise) SecurityError: getLayoutMap() must be called from a top-level browsing context or allowed by the permission policy.", source: https://passport.twitch.tv/149e9513-01fa-4fb0-aad4-566afd725d1b/2d206a39-8ed7-437e-a3be-862e0f06eea3/fp?x-kpsdk-v=j-1.2.94 (0)
[6460:6588:1223/231115.383:INFO:CONSOLE:1] "23:11:15 - (playback-monitor) Play - moving to buffered region 0.067 0", source: https://assets.twitch.tv/assets/player-core-variant-a-3b9f488b443b45db3784.js (1)
[6460:6588:1223/231115.383:INFO:CONSOLE:1] "Moving to buffered region 0.067 0", source: https://assets.twitch.tv/assets/player-core-variant-a-3b9f488b443b45db3784.js (1)
[6460:6588:1223/231115.771:INFO:CONSOLE:3415] "Permissions policy violation: accelerometer is not allowed in this document.", source: https://www.twitch.tv/r/s/m/nat.min.js (3415)
[6460:6588:1223/231115.771:INFO:CONSOLE:3415] "The deviceorientation events are blocked by permissions policy. See https://github.com/w3c/webappsec-permissions-policy/blob/master/features.md#sensor-features", source: https://www.twitch.tv/r/s/m/nat.min.js (3415)
[6460:6588:1223/231116.082:INFO:CONSOLE:1] "23:11:16 - (playback-monitor) Config changed [object Object]", source: https://assets.twitch.tv/assets/player-core-variant-a-3b9f488b443b45db3784.js (1)
[6460:7308:1223/231116.728:ERROR:google_apis\gcm\engine\registration_request.cc:292] Registration response error message: DEPRECATED_ENDPOINT
[6460:6588:1223/231130.521:INFO:CONSOLE:0] "The resource https://www.chess.com/bundles/app/css/alerts.client.d17136ee.css was preloaded using link preload but not used within a few seconds from the window's load event. Please make sure it has an appropriate `as` value and it is preloaded intentionally.", source: https://www.chess.com/home (0)
[6460:6588:1223/231136.834:INFO:CONSOLE:0] "The resource https://www.chess.com/bundles/app/css/alerts.client.d17136ee.css was preloaded using link preload but not used within a few seconds from the window's load event. Please make sure it has an appropriate `as` value and it is preloaded intentionally.", source: https://www.chess.com/home (0)
[6460:7308:1223/231139.325:ERROR:google_apis\gcm\engine\registration_request.cc:292] Registration response error message: DEPRECATED_ENDPOINT
[20468:14508:1223/231142.177:WARNING:third_party\webrtc\media\engine\webrtc_voice_engine.cc:808] Attempting to stop aecdump when no audio processing module is present
[20468:14508:1223/231142.177:WARNING:third_party\webrtc\media\engine\webrtc_voice_engine.cc:808] Attempting to stop aecdump when no audio processing module is present
[6460:6588:1223/231147.408:INFO:CONSOLE:0] "The resource https://www.chess.com/bundles/app/css/alerts.client.d17136ee.css was preloaded using link preload but not used within a few seconds from the window's load event. Please make sure it has an appropriate `as` value and it is preloaded intentionally.", source: https://www.chess.com/home (0)
[6460:6588:1223/231205.536:INFO:CONSOLE:0] "The resource https://www.chess.com/bundles/app/css/alerts.client.d17136ee.css was preloaded using link preload but not used within a few seconds from the window's load event. Please make sure it has an appropriate `as` value and it is preloaded intentionally.", source: https://www.chess.com/home (0)
[6460:6588:1223/231217.337:INFO:CONSOLE:0] "The resource https://www.chess.com/bundles/app/css/alerts.client.d17136ee.css was preloaded using link preload but not used within a few seconds from the window's load event. Please make sure it has an appropriate `as` value and it is preloaded intentionally.", source: https://www.chess.com/home (0)
[6460:6588:1223/231223.530:INFO:CONSOLE:0] "The resource https://www.chess.com/bundles/app/css/alerts.client.d17136ee.css was preloaded using link preload but not used within a few seconds from the window's load event. Please make sure it has an appropriate `as` value and it is preloaded intentionally.", source: https://www.chess.com/home (0)
[6460:7308:1223/231225.969:ERROR:google_apis\gcm\engine\registration_request.cc:292] Registration response error message: DEPRECATED_ENDPOINT
[6460:6588:1223/231234.530:INFO:CONSOLE:0] "The resource https://www.chess.com/bundles/app/css/alerts.client.d17136ee.css was preloaded using link preload but not used within a few seconds from the window's load event. Please make sure it has an appropriate `as` value and it is preloaded intentionally.", source: https://www.chess.com/home (0)
[6460:6588:1223/231247.269:INFO:CONSOLE:0] "The resource https://www.chess.com/bundles/app/css/alerts.client.d17136ee.css was preloaded using link preload but not used within a few seconds from the window's load event. Please make sure it has an appropriate `as` value and it is preloaded intentionally.", source: https://www.chess.com/home (0)
[6460:6588:1223/231317.886:INFO:CONSOLE:0] "The resource https://www.chess.com/bundles/app/css/alerts.client.d17136ee.css was preloaded using link preload but not used within a few seconds from the window's load event. Please make sure it has an appropriate `as` value and it is preloaded intentionally.", source: https://www.chess.com/home (0)
[6460:6588:1223/231328.585:INFO:CONSOLE:0] "The resource https://www.chess.com/bundles/app/css/alerts.client.d17136ee.css was preloaded using link preload but not used within a few seconds from the window's load event. Please make sure it has an appropriate `as` value and it is preloaded intentionally.", source: https://www.chess.com/home (0)
[6460:6588:1223/231334.576:INFO:CONSOLE:0] "The resource https://www.chess.com/bundles/app/css/alerts.client.d17136ee.css was preloaded using link preload but not used within a few seconds from the window's load event. Please make sure it has an appropriate `as` value and it is preloaded intentionally.", source: https://www.chess.com/home (0)
[6460:6588:1223/231347.113:INFO:CONSOLE:0] "The resource https://www.chess.com/bundles/app/css/alerts.client.d17136ee.css was preloaded using link preload but not used within a few seconds from the window's load event. Please make sure it has an appropriate `as` value and it is preloaded intentionally.", source: https://www.chess.com/home (0)
[6460:6588:1223/231417.186:INFO:CONSOLE:0] "The resource https://www.chess.com/bundles/app/css/alerts.client.d17136ee.css was preloaded using link preload but not used within a few seconds from the window's load event. Please make sure it has an appropriate `as` value and it is preloaded intentionally.", source: https://www.chess.com/home (0)
[6460:7308:1223/231418.664:ERROR:google_apis\gcm\engine\registration_request.cc:292] Registration response error message: DEPRECATED_ENDPOINT
[6460:6588:1223/231434.578:INFO:CONSOLE:0] "The resource https://www.chess.com/bundles/app/css/alerts.client.d17136ee.css was preloaded using link preload but not used within a few seconds from the window's load event. Please make sure it has an appropriate `as` value and it is preloaded intentionally.", source: https://www.chess.com/home (0)
[6460:6588:1223/231447.262:INFO:CONSOLE:0] "The resource https://www.chess.com/bundles/app/css/alerts.client.d17136ee.css was preloaded using link preload but not used within a few seconds from the window's load event. Please make sure it has an appropriate `as` value and it is preloaded intentionally.", source: https://www.chess.com/home (0)
[6460:6588:1223/231517.201:INFO:CONSOLE:0] "The resource https://www.chess.com/bundles/app/css/alerts.client.d17136ee.css was preloaded using link preload but not used within a few seconds from the window's load event. Please make sure it has an appropriate `as` value and it is preloaded intentionally.", source: https://www.chess.com/home (0)
[6460:6588:1223/231534.855:INFO:CONSOLE:0] "The resource https://www.chess.com/bundles/app/css/alerts.client.d17136ee.css was preloaded using link preload but not used within a few seconds from the window's load event. Please make sure it has an appropriate `as` value and it is preloaded intentionally.", source: https://www.chess.com/home (0)
[6460:6588:1223/231547.576:INFO:CONSOLE:0] "The resource https://www.chess.com/bundles/app/css/alerts.client.d17136ee.css was preloaded using link preload but not used within a few seconds from the window's load event. Please make sure it has an appropriate `as` value and it is preloaded intentionally.", source: https://www.chess.com/home (0)
[6460:6588:1223/231617.183:INFO:CONSOLE:0] "The resource https://www.chess.com/bundles/app/css/alerts.client.d17136ee.css was preloaded using link preload but not used within a few seconds from the window's load event. Please make sure it has an appropriate `as` value and it is preloaded intentionally.", source: https://www.chess.com/home (0)
[6460:6588:1223/231634.586:INFO:CONSOLE:0] "The resource https://www.chess.com/bundles/app/css/alerts.client.d17136ee.css was preloaded using link preload but not used within a few seconds from the window's load event. Please make sure it has an appropriate `as` value and it is preloaded intentionally.", source: https://www.chess.com/home (0)
[20428:14460:1223/231644.733:WARNING:net\disk_cache\blockfile\backend_impl.cc:1858] Destroying invalid entry.
[6460:6588:1223/231647.344:INFO:CONSOLE:0] "The resource https://www.chess.com/bundles/app/css/alerts.client.d17136ee.css was preloaded using link preload but not used within a few seconds from the window's load event. Please make sure it has an appropriate `as` value and it is preloaded intentionally.", source: https://www.chess.com/home (0)
[6460:6588:1223/231717.662:INFO:CONSOLE:0] "The resource https://www.chess.com/bundles/app/css/alerts.client.d17136ee.css was preloaded using link preload but not used within a few seconds from the window's load event. Please make sure it has an appropriate `as` value and it is preloaded intentionally.", source: https://www.chess.com/home (0)
[6460:6588:1223/231734.551:INFO:CONSOLE:0] "The resource https://www.chess.com/bundles/app/css/alerts.client.d17136ee.css was preloaded using link preload but not used within a few seconds from the window's load event. Please make sure it has an appropriate `as` value and it is preloaded intentionally.", source: https://www.chess.com/home (0)
[6460:6588:1223/231747.521:INFO:CONSOLE:0] "The resource https://www.chess.com/bundles/app/css/alerts.client.d17136ee.css was preloaded using link preload but not used within a few seconds from the window's load event. Please make sure it has an appropriate `as` value and it is preloaded intentionally.", source: https://www.chess.com/home (0)
[6460:6588:1223/231817.313:INFO:CONSOLE:0] "The resource https://www.chess.com/bundles/app/css/alerts.client.d17136ee.css was preloaded using link preload but not used within a few seconds from the window's load event. Please make sure it has an appropriate `as` value and it is preloaded intentionally.", source: https://www.chess.com/home (0)
[6460:7308:1223/231818.073:ERROR:google_apis\gcm\engine\registration_request.cc:292] Registration response error message: DEPRECATED_ENDPOINT
[6460:6588:1223/231834.581:INFO:CONSOLE:0] "The resource https://www.chess.com/bundles/app/css/alerts.client.d17136ee.css was preloaded using link preload but not used within a few seconds from the window's load event. Please make sure it has an appropriate `as` value and it is preloaded intentionally.", source: https://www.chess.com/home (0)
[6460:6588:1223/231847.469:INFO:CONSOLE:0] "The resource https://www.chess.com/bundles/app/css/alerts.client.d17136ee.css was preloaded using link preload but not used within a few seconds from the window's load event. Please make sure it has an appropriate `as` value and it is preloaded intentionally.", source: https://www.chess.com/home (0)
[6460:6588:1223/231917.272:INFO:CONSOLE:0] "The resource https://www.chess.com/bundles/app/css/alerts.client.d17136ee.css was preloaded using link preload but not used within a few seconds from the window's load event. Please make sure it has an appropriate `as` value and it is preloaded intentionally.", source: https://www.chess.com/home (0)
[6460:6588:1223/231934.552:INFO:CONSOLE:0] "The resource https://www.chess.com/bundles/app/css/alerts.client.d17136ee.css was preloaded using link preload but not used within a few seconds from the window's load event. Please make sure it has an appropriate `as` value and it is preloaded intentionally.", source: https://www.chess.com/home (0)
[6460:6588:1223/231947.327:INFO:CONSOLE:0] "The resource https://www.chess.com/bundles/app/css/alerts.client.d17136ee.css was preloaded using link preload but not used within a few seconds from the window's load event. Please make sure it has an appropriate `as` value and it is preloaded intentionally.", source: https://www.chess.com/home (0)
[6460:6588:1223/232017.257:INFO:CONSOLE:0] "The resource https://www.chess.com/bundles/app/css/alerts.client.d17136ee.css was preloaded using link preload but not used within a few seconds from the window's load event. Please make sure it has an appropriate `as` value and it is preloaded intentionally.", source: https://www.chess.com/home (0)
[6460:6588:1223/232034.584:INFO:CONSOLE:0] "The resource https://www.chess.com/bundles/app/css/alerts.client.d17136ee.css was preloaded using link preload but not used within a few seconds from the window's load event. Please make sure it has an appropriate `as` value and it is preloaded intentionally.", source: https://www.chess.com/home (0)
[6460:6588:1223/232048.069:INFO:CONSOLE:0] "The resource https://www.chess.com/bundles/app/css/alerts.client.d17136ee.css was preloaded using link preload but not used within a few seconds from the window's load event. Please make sure it has an appropriate `as` value and it is preloaded intentionally.", source: https://www.chess.com/home (0)
[6460:6588:1223/232117.174:INFO:CONSOLE:0] "The resource https://www.chess.com/bundles/app/css/alerts.client.d17136ee.css was preloaded using link preload but not used within a few seconds from the window's load event. Please make sure it has an appropriate `as` value and it is preloaded intentionally.", source: https://www.chess.com/home (0)
[6460:6588:1223/232134.859:INFO:CONSOLE:0] "The resource https://www.chess.com/bundles/app/css/alerts.client.d17136ee.css was preloaded using link preload but not used within a few seconds from the window's load event. Please make sure it has an appropriate `as` value and it is preloaded intentionally.", source: https://www.chess.com/home (0)
[6460:6588:1223/232147.540:INFO:CONSOLE:0] "The resource https://www.chess.com/bundles/app/css/alerts.client.d17136ee.css was preloaded using link preload but not used within a few seconds from the window's load event. Please make sure it has an appropriate `as` value and it is preloaded intentionally.", source: https://www.chess.com/home (0)
[6460:6588:1223/232217.590:INFO:CONSOLE:0] "The resource https://www.chess.com/bundles/app/css/alerts.client.d17136ee.css was preloaded using link preload but not used within a few seconds from the window's load event. Please make sure it has an appropriate `as` value and it is preloaded intentionally.", source: https://www.chess.com/home (0)
[6460:6588:1223/232234.601:INFO:CONSOLE:0] "The resource https://www.chess.com/bundles/app/css/alerts.client.d17136ee.css was preloaded using link preload but not used within a few seconds from the window's load event. Please make sure it has an appropriate `as` value and it is preloaded intentionally.", source: https://www.chess.com/home (0)
[6460:6588:1223/232247.261:INFO:CONSOLE:0] "The resource https://www.chess.com/bundles/app/css/alerts.client.d17136ee.css was preloaded using link preload but not used within a few seconds from the window's load event. Please make sure it has an appropriate `as` value and it is preloaded intentionally.", source: https://www.chess.com/home (0)
[6460:6588:1223/232317.972:INFO:CONSOLE:0] "The resource https://www.chess.com/bundles/app/css/alerts.client.d17136ee.css was preloaded using link preload but not used within a few seconds from the window's load event. Please make sure it has an appropriate `as` value and it is preloaded intentionally.", source: https://www.chess.com/home (0)
[6460:6588:1223/232334.536:INFO:CONSOLE:0] "The resource https://www.chess.com/bundles/app/css/alerts.client.d17136ee.css was preloaded using link preload but not used within a few seconds from the window's load event. Please make sure it has an appropriate `as` value and it is preloaded intentionally.", source: https://www.chess.com/home (0)
[6460:6588:1223/232347.158:INFO:CONSOLE:0] "The resource https://www.chess.com/bundles/app/css/alerts.client.d17136ee.css was preloaded using link preload but not used within a few seconds from the window's load event. Please make sure it has an appropriate `as` value and it is preloaded intentionally.", source: https://www.chess.com/home (0)
[6460:6588:1223/232417.390:INFO:CONSOLE:0] "The resource https://www.chess.com/bundles/app/css/alerts.client.d17136ee.css was preloaded using link preload but not used within a few seconds from the window's load event. Please make sure it has an appropriate `as` value and it is preloaded intentionally.", source: https://www.chess.com/home (0)
[6460:7308:1223/232430.746:ERROR:google_apis\gcm\engine\registration_request.cc:292] Registration response error message: DEPRECATED_ENDPOINT
[6460:6588:1223/232434.588:INFO:CONSOLE:0] "The resource https://www.chess.com/bundles/app/css/alerts.client.d17136ee.css was preloaded using link preload but not used within a few seconds from the window's load event. Please make sure it has an appropriate `as` value and it is preloaded intentionally.", source: https://www.chess.com/home (0)
[6460:6588:1223/232447.281:INFO:CONSOLE:0] "The resource https://www.chess.com/bundles/app/css/alerts.client.d17136ee.css was preloaded using link preload but not used within a few seconds from the window's load event. Please make sure it has an appropriate `as` value and it is preloaded intentionally.", source: https://www.chess.com/home (0)
[6460:6588:1223/232517.349:INFO:CONSOLE:0] "The resource https://www.chess.com/bundles/app/css/alerts.client.d17136ee.css was preloaded using link preload but not used within a few seconds from the window's load event. Please make sure it has an appropriate `as` value and it is preloaded intentionally.", source: https://www.chess.com/home (0)
[6460:6588:1223/232534.540:INFO:CONSOLE:0] "The resource https://www.chess.com/bundles/app/css/alerts.client.d17136ee.css was preloaded using link preload but not used within a few seconds from the window's load event. Please make sure it has an appropriate `as` value and it is preloaded intentionally.", source: https://www.chess.com/home (0)
[6460:6588:1223/232547.627:INFO:CONSOLE:0] "The resource https://www.chess.com/bundles/app/css/alerts.client.d17136ee.css was preloaded using link preload but not used within a few seconds from the window's load event. Please make sure it has an appropriate `as` value and it is preloaded intentionally.", source: https://www.chess.com/home (0)
[6460:6588:1223/232617.540:INFO:CONSOLE:0] "The resource https://www.chess.com/bundles/app/css/alerts.client.d17136ee.css was preloaded using link preload but not used within a few seconds from the window's load event. Please make sure it has an appropriate `as` value and it is preloaded intentionally.", source: https://www.chess.com/home (0)
[6460:6588:1223/232624.581:INFO:CONSOLE:0] "The resource https://www.chess.com/bundles/app/css/alerts.client.d17136ee.css was preloaded using link preload but not used within a few seconds from the window's load event. Please make sure it has an appropriate `as` value and it is preloaded intentionally.", source: https://www.chess.com/home (0)
[6460:6588:1223/232630.535:INFO:CONSOLE:15] "Allow attribute will take precedence over 'allowfullscreen'.", source: https://www.chess.com/bundles/app/js/vue.dll.b98f9461.js (15)
[6460:6588:1223/232630.569:INFO:CONSOLE:1] "The AudioContext was not allowed to start. It must be resumed (or created) after a user gesture on the page. https://developer.chrome.com/blog/autoplay/#web_audio", source: https://www.chess.com/bundles/app/js/coach-client.chunk.client.23b3e9d1.js (1)
[6460:6588:1223/232631.178:INFO:CONSOLE:1] "⚠️ React Router Future Flag Warning: React Router will begin wrapping state updates in `React.startTransition` in v7. You can use the `v7_startTransition` future flag to opt-in early. For more information, see https://reactrouter.com/v6/upgrading/future#v7_starttransition.", source: https://assets.twitch.tv/assets/98381-3c074b749297de73a015.js (1)
[6460:6588:1223/232631.178:INFO:CONSOLE:1] "⚠️ React Router Future Flag Warning: Relative route resolution within Splat routes is changing in v7. You can use the `v7_relativeSplatPath` future flag to opt-in early. For more information, see https://reactrouter.com/v6/upgrading/future#v7_relativesplatpath.", source: https://assets.twitch.tv/assets/98381-3c074b749297de73a015.js (1)
[6460:6588:1223/232631.571:INFO:CONSOLE:1] "Amazon IVS Player SDK 1.48.0-rc.3", source: https://assets.twitch.tv/assets/amazon-ivs-wasmworker.min-d93ef086db8694d73a04.js (1)
[17264:23048:1223/232631.915:INFO:third_party\blink\renderer\modules\peerconnection\peer_connection_dependency_factory.cc:923] Running WebRTC with a combined Network and Worker thread.
[6460:6588:1223/232631.933:INFO:CONSOLE:3] "Permissions policy violation: encrypted-media is not allowed in this document.", source:  (3)
[6460:6588:1223/232631.933:INFO:CONSOLE:3] "Encrypted Media access has been blocked because of a Feature Policy applied to the current document. See https://crbug.com/414348233 for more details.", source:  (3)
[6460:6588:1223/232631.933:INFO:CONSOLE:3] "Permissions policy violation: encrypted-media is not allowed in this document.", source:  (3)
[6460:6588:1223/232631.933:INFO:CONSOLE:3] "Encrypted Media access has been blocked because of a Feature Policy applied to the current document. See https://crbug.com/414348233 for more details.", source:  (3)
[6460:6588:1223/232631.933:INFO:CONSOLE:3] "Permissions policy violation: encrypted-media is not allowed in this document.", source:  (3)
[6460:6588:1223/232631.933:INFO:CONSOLE:3] "Encrypted Media access has been blocked because of a Feature Policy applied to the current document. See https://crbug.com/414348233 for more details.", source:  (3)
[6460:6588:1223/232631.933:INFO:CONSOLE:3] "Permissions policy violation: encrypted-media is not allowed in this document.", source:  (3)
[6460:6588:1223/232631.933:INFO:CONSOLE:3] "Encrypted Media access has been blocked because of a Feature Policy applied to the current document. See https://crbug.com/414348233 for more details.", source:  (3)
[6460:6588:1223/232632.243:INFO:CONSOLE:1] "MediaCapabilities found [object Object],[object Object],[object Object],[object Object],[object Object]", source: https://assets.twitch.tv/assets/amazon-ivs-wasmworker.min-d93ef086db8694d73a04.js (1)
[17264:23048:1223/232632.329:INFO:third_party\blink\renderer\modules\peerconnection\peer_connection_dependency_factory.cc:923] Running WebRTC with a combined Network and Worker thread.
[6460:6588:1223/232632.349:INFO:CONSOLE:3] "Permissions policy violation: encrypted-media is not allowed in this document.", source:  (3)
[6460:6588:1223/232632.349:INFO:CONSOLE:3] "Encrypted Media access has been blocked because of a Feature Policy applied to the current document. See https://crbug.com/414348233 for more details.", source:  (3)
[6460:6588:1223/232632.349:INFO:CONSOLE:3] "Permissions policy violation: encrypted-media is not allowed in this document.", source:  (3)
[6460:6588:1223/232632.349:INFO:CONSOLE:3] "Encrypted Media access has been blocked because of a Feature Policy applied to the current document. See https://crbug.com/414348233 for more details.", source:  (3)
[6460:6588:1223/232632.349:INFO:CONSOLE:3] "Permissions policy violation: encrypted-media is not allowed in this document.", source:  (3)
[6460:6588:1223/232632.349:INFO:CONSOLE:3] "Encrypted Media access has been blocked because of a Feature Policy applied to the current document. See https://crbug.com/414348233 for more details.", source:  (3)
[6460:6588:1223/232632.349:INFO:CONSOLE:3] "Permissions policy violation: encrypted-media is not allowed in this document.", source:  (3)
[6460:6588:1223/232632.349:INFO:CONSOLE:3] "Encrypted Media access has been blocked because of a Feature Policy applied to the current document. See https://crbug.com/414348233 for more details.", source:  (3)
[6460:6588:1223/232632.691:INFO:CONSOLE:0] "Uncaught (in promise) SecurityError: getLayoutMap() must be called from a top-level browsing context or allowed by the permission policy.", source: https://gql.twitch.tv/149e9513-01fa-4fb0-aad4-566afd725d1b/2d206a39-8ed7-437e-a3be-862e0f06eea3/fp?x-kpsdk-v=j-1.2.94 (0)
[6460:6588:1223/232632.782:INFO:CONSOLE:1] "23:26:32 - (playback-monitor) Config changed [object Object]", source: https://assets.twitch.tv/assets/player-core-variant-a-3b9f488b443b45db3784.js (1)
[6460:6588:1223/232633.005:INFO:CONSOLE:0] "Uncaught (in promise) SecurityError: getLayoutMap() must be called from a top-level browsing context or allowed by the permission policy.", source: https://passport.twitch.tv/149e9513-01fa-4fb0-aad4-566afd725d1b/2d206a39-8ed7-437e-a3be-862e0f06eea3/fp?x-kpsdk-v=j-1.2.94 (0)
[6460:6588:1223/232633.351:INFO:CONSOLE:1] "23:26:33 - (playback-monitor) Play - moving to buffered region 0.067 0", source: https://assets.twitch.tv/assets/player-core-variant-a-3b9f488b443b45db3784.js (1)
[6460:6588:1223/232633.351:INFO:CONSOLE:1] "Moving to buffered region 0.067 0", source: https://assets.twitch.tv/assets/player-core-variant-a-3b9f488b443b45db3784.js (1)
[6460:6588:1223/232633.386:INFO:CONSOLE:1] "The AudioContext was not allowed to start. It must be resumed (or created) after a user gesture on the page. https://developer.chrome.com/blog/autoplay/#web_audio", source: https://www.chess.com/bundles/app/js/coach-client.chunk.client.f9bbb3d4.js (1)
[6460:6588:1223/232633.553:INFO:CONSOLE:1] "23:26:33 - (playback-monitor) Config changed [object Object]", source: https://assets.twitch.tv/assets/player-core-variant-a-3b9f488b443b45db3784.js (1)
[6460:6588:1223/232633.667:INFO:CONSOLE:1] "%craven%c Raven v1.16.0-sj05vn background-color:#000;margin-left:1px;padding:1px 3px;font-size:0.75em;color:#ffffff; font-size:0.9em;", source: https://www.chess.com/bundles/app/js/sentry.client.4859757e.js (1)
[6460:6588:1223/232633.758:INFO:CONSOLE:0] "Attestation check for Attribution Reporting on https://pixel.quantcount.com failed.", source: https://www.chess.com/home (0)
[6460:6588:1223/232633.767:INFO:CONSOLE:1] "[GPT] Using deprecated googletag.encryptedSignalProviders. Please use googletag.secureSignalProviders instead.
https://goo.gle/gpt-message#155", source: https://www.chess.com/bundles/app/js/sentry.client.4859757e.js (1)
[6460:6588:1223/232633.948:INFO:CONSOLE:3415] "Permissions policy violation: accelerometer is not allowed in this document.", source: https://www.twitch.tv/r/s/m/nat.min.js (3415)
[6460:6588:1223/232633.948:INFO:CONSOLE:3415] "The deviceorientation events are blocked by permissions policy. See https://github.com/w3c/webappsec-permissions-policy/blob/master/features.md#sensor-features", source: https://www.twitch.tv/r/s/m/nat.min.js (3415)
[20428:10916:1223/232638.278:WARNING:net\spdy\spdy_session.cc:3071] Received HEADERS for invalid stream 3
[6460:6588:1223/232638.862:INFO:CONSOLE:1] "%craven%c Raven v1.16.0-sj05vn background-color:#000;margin-left:1px;padding:1px 3px;font-size:0.75em;color:#ffffff; font-size:0.9em;", source: https://www.chess.com/bundles/app/js/sentry.client.4859757e.js (1)
[6460:6588:1223/232639.117:INFO:CONSOLE:0] "Attestation check for Attribution Reporting on https://pixel.quantcount.com failed.", source: https://www.chess.com/member/roankosk (0)
[6460:6588:1223/232639.128:INFO:CONSOLE:1] "[GPT] Using deprecated googletag.encryptedSignalProviders. Please use googletag.secureSignalProviders instead.
https://goo.gle/gpt-message#155", source: https://www.chess.com/bundles/app/js/sentry.client.4859757e.js (1)
[6460:6588:1223/232640.971:INFO:CONSOLE:1482] "document.domain mutation is ignored because the surrounding agent cluster is origin-keyed.", source: https://www.chess.com/play/online/new?opponent=Roankosk (1482)
[6460:6588:1223/232641.482:INFO:CONSOLE:1] "Version: 2025.12.6-hotfix.6d60ceb / 1.155.0", source: https://www.chess.com/bundles/app/js/sentry.client.4859757e.js (1)
[6460:6588:1223/232641.984:INFO:CONSOLE:1] "CHESSBOARD VERSION: 1.155.0", source: https://www.chess.com/bundles/app/js/sentry.client.4859757e.js (1)
[6460:6588:1223/232642.117:INFO:CONSOLE:1] "%craven%c Raven v1.16.0-sj05vn background-color:#000;margin-left:1px;padding:1px 3px;font-size:0.75em;color:#ffffff; font-size:0.9em;", source: https://www.chess.com/bundles/app/js/sentry.client.4859757e.js (1)
[6460:6588:1223/232642.243:INFO:CONSOLE:1] "[GPT] Using deprecated googletag.encryptedSignalProviders. Please use googletag.secureSignalProviders instead.
https://goo.gle/gpt-message#155", source: https://www.chess.com/bundles/app/js/sentry.client.4859757e.js (1)
[6460:6588:1223/232642.252:INFO:CONSOLE:0] "Attestation check for Attribution Reporting on https://pixel.quantcount.com failed.", source: https://www.chess.com/play/online/new?opponent=Roankosk (0)
[6460:6588:1223/232642.639:INFO:CONSOLE:1] "canModifyExistingMovesOnMainLine is not an editable option in this mode.", source: https://www.chess.com/bundles/app/js/sentry.client.4859757e.js (1)
[6460:6588:1223/232650.640:INFO:CONSOLE:0] "The resource https://www.chess.com/bundles/app/css/alerts.client.d17136ee.css was preloaded using link preload but not used within a few seconds from the window's load event. Please make sure it has an appropriate `as` value and it is preloaded intentionally.", source: https://www.chess.com/play/online/new?opponent=Roankosk (0)
[6460:6588:1223/232650.640:INFO:CONSOLE:0] "The resource https://www.chess.com/bundles/app/css/comments.client.a083be7f.css was preloaded using link preload but not used within a few seconds from the window's load event. Please make sure it has an appropriate `as` value and it is preloaded intentionally.", source: https://www.chess.com/play/online/new?opponent=Roankosk (0)
[6460:6588:1223/232708.586:INFO:CONSOLE:0] "The resource https://www.chess.com/bundles/app/css/alerts.client.d17136ee.css was preloaded using link preload but not used within a few seconds from the window's load event. Please make sure it has an appropriate `as` value and it is preloaded intentionally.", source: https://www.chess.com/game/147096363016 (0)
[6460:6588:1223/232708.586:INFO:CONSOLE:0] "The resource https://www.chess.com/bundles/app/css/comments.client.a083be7f.css was preloaded using link preload but not used within a few seconds from the window's load event. Please make sure it has an appropriate `as` value and it is preloaded intentionally.", source: https://www.chess.com/game/147096363016 (0)
[6460:6588:1223/232715.175:INFO:CONSOLE:10] "Uncaught SecurityError: Failed to read a named property 'addEventListener' from 'Window': Blocked a frame with origin "https://aax-events-cell01-cf.eu-west.aps.axp.amazon-adsystem.com" from accessing a frame with origin "https://www.chess.com". Protocols, domains, and ports must match.", source: about:srcdoc (10)
[6460:6588:1223/232724.251:INFO:CONSOLE:0] "The resource https://www.chess.com/bundles/app/css/alerts.client.d17136ee.css was preloaded using link preload but not used within a few seconds from the window's load event. Please make sure it has an appropriate `as` value and it is preloaded intentionally.", source: https://www.chess.com/game/147096363016 (0)
[6460:6588:1223/232724.251:INFO:CONSOLE:0] "The resource https://www.chess.com/bundles/app/css/comments.client.a083be7f.css was preloaded using link preload but not used within a few seconds from the window's load event. Please make sure it has an appropriate `as` value and it is preloaded intentionally.", source: https://www.chess.com/game/147096363016 (0)
[6460:6588:1223/232731.208:INFO:CONSOLE:0] "The resource https://www.chess.com/bundles/app/css/alerts.client.d17136ee.css was preloaded using link preload but not used within a few seconds from the window's load event. Please make sure it has an appropriate `as` value and it is preloaded intentionally.", source: https://www.chess.com/game/147096363016 (0)
[6460:6588:1223/232731.208:INFO:CONSOLE:0] "The resource https://www.chess.com/bundles/app/css/comments.client.a083be7f.css was preloaded using link preload but not used within a few seconds from the window's load event. Please make sure it has an appropriate `as` value and it is preloaded intentionally.", source: https://www.chess.com/game/147096363016 (0)
[6460:6588:1223/232735.930:INFO:CONSOLE:0] "The resource https://www.chess.com/bundles/app/css/alerts.client.d17136ee.css was preloaded using link preload but not used within a few seconds from the window's load event. Please make sure it has an appropriate `as` value and it is preloaded intentionally.", source: https://www.chess.com/game/147096363016 (0)
[6460:6588:1223/232735.930:INFO:CONSOLE:0] "The resource https://www.chess.com/bundles/app/css/comments.client.a083be7f.css was preloaded using link preload but not used within a few seconds from the window's load event. Please make sure it has an appropriate `as` value and it is preloaded intentionally.", source: https://www.chess.com/game/147096363016 (0)
[6460:6588:1223/232739.632:INFO:CONSOLE:0] "The resource https://www.chess.com/bundles/app/css/alerts.client.d17136ee.css was preloaded using link preload but not used within a few seconds from the window's load event. Please make sure it has an appropriate `as` value and it is preloaded intentionally.", source: https://www.chess.com/game/147096363016 (0)
[6460:6588:1223/232739.632:INFO:CONSOLE:0] "The resource https://www.chess.com/bundles/app/css/comments.client.a083be7f.css was preloaded using link preload but not used within a few seconds from the window's load event. Please make sure it has an appropriate `as` value and it is preloaded intentionally.", source: https://www.chess.com/game/147096363016 (0)
[6460:6588:1223/232743.835:INFO:CONSOLE:10] "Uncaught SecurityError: Failed to read a named property 'addEventListener' from 'Window': Blocked a frame with origin "https://aax-events-cell01-cf.eu-west.aps.axp.amazon-adsystem.com" from accessing a frame with origin "https://www.chess.com". Protocols, domains, and ports must match.", source: about:srcdoc (10)
[6460:6588:1223/232749.469:INFO:CONSOLE:0] "The resource https://www.chess.com/bundles/app/css/alerts.client.d17136ee.css was preloaded using link preload but not used within a few seconds from the window's load event. Please make sure it has an appropriate `as` value and it is preloaded intentionally.", source: https://www.chess.com/game/147096363016 (0)
[6460:6588:1223/232749.469:INFO:CONSOLE:0] "The resource https://www.chess.com/bundles/app/css/comments.client.a083be7f.css was preloaded using link preload but not used within a few seconds from the window's load event. Please make sure it has an appropriate `as` value and it is preloaded intentionally.", source: https://www.chess.com/game/147096363016 (0)
[6460:6588:1223/232804.668:INFO:CONSOLE:0] "The resource https://www.chess.com/bundles/app/css/alerts.client.d17136ee.css was preloaded using link preload but not used within a few seconds from the window's load event. Please make sure it has an appropriate `as` value and it is preloaded intentionally.", source: https://www.chess.com/game/147096363016 (0)
[6460:6588:1223/232804.668:INFO:CONSOLE:0] "The resource https://www.chess.com/bundles/app/css/comments.client.a083be7f.css was preloaded using link preload but not used within a few seconds from the window's load event. Please make sure it has an appropriate `as` value and it is preloaded intentionally.", source: https://www.chess.com/game/147096363016 (0)
[6460:6588:1223/232812.944:INFO:CONSOLE:127] "Uncaught (in promise) TypeError: Failed to fetch", source: https://pagead2.googlesyndication.com/pagead/managed/js/activeview/current/ufs_web_display.js (127)
[6460:6588:1223/232817.041:INFO:CONSOLE:0] "The resource https://www.chess.com/bundles/app/css/alerts.client.d17136ee.css was preloaded using link preload but not used within a few seconds from the window's load event. Please make sure it has an appropriate `as` value and it is preloaded intentionally.", source: https://www.chess.com/game/147096363016 (0)
[6460:6588:1223/232817.041:INFO:CONSOLE:0] "The resource https://www.chess.com/bundles/app/css/comments.client.a083be7f.css was preloaded using link preload but not used within a few seconds from the window's load event. Please make sure it has an appropriate `as` value and it is preloaded intentionally.", source: https://www.chess.com/game/147096363016 (0)
[6460:6588:1223/232843.873:INFO:CONSOLE:10] "Uncaught SecurityError: Failed to read a named property 'addEventListener' from 'Window': Blocked a frame with origin "https://aax-events-cell01-cf.eu-west.aps.axp.amazon-adsystem.com" from accessing a frame with origin "https://www.chess.com". Protocols, domains, and ports must match.", source: about:srcdoc (10)
[6460:6588:1223/232849.508:INFO:CONSOLE:0] "The resource https://www.chess.com/bundles/app/css/alerts.client.d17136ee.css was preloaded using link preload but not used within a few seconds from the window's load event. Please make sure it has an appropriate `as` value and it is preloaded intentionally.", source: https://www.chess.com/game/147096363016 (0)
[6460:6588:1223/232849.508:INFO:CONSOLE:0] "The resource https://www.chess.com/bundles/app/css/comments.client.a083be7f.css was preloaded using link preload but not used within a few seconds from the window's load event. Please make sure it has an appropriate `as` value and it is preloaded intentionally.", source: https://www.chess.com/game/147096363016 (0)
[6460:6588:1223/232913.871:INFO:CONSOLE:10] "Uncaught SecurityError: Failed to read a named property 'addEventListener' from 'Window': Blocked a frame with origin "https://aax-events-cell01-cf.eu-west.aps.axp.amazon-adsystem.com" from accessing a frame with origin "https://www.chess.com". Protocols, domains, and ports must match.", source: about:srcdoc (10)
[6460:6588:1223/232919.509:INFO:CONSOLE:0] "The resource https://www.chess.com/bundles/app/css/alerts.client.d17136ee.css was preloaded using link preload but not used within a few seconds from the window's load event. Please make sure it has an appropriate `as` value and it is preloaded intentionally.", source: https://www.chess.com/game/147096363016 (0)
[6460:6588:1223/232919.509:INFO:CONSOLE:0] "The resource https://www.chess.com/bundles/app/css/comments.client.a083be7f.css was preloaded using link preload but not used within a few seconds from the window's load event. Please make sure it has an appropriate `as` value and it is preloaded intentionally.", source: https://www.chess.com/game/147096363016 (0)
[6460:6588:1223/232947.188:INFO:CONSOLE:0] "The resource https://www.chess.com/bundles/app/css/alerts.client.d17136ee.css was preloaded using link preload but not used within a few seconds from the window's load event. Please make sure it has an appropriate `as` value and it is preloaded intentionally.", source: https://www.chess.com/game/147096363016 (0)
[6460:6588:1223/232947.188:INFO:CONSOLE:0] "The resource https://www.chess.com/bundles/app/css/comments.client.a083be7f.css was preloaded using link preload but not used within a few seconds from the window's load event. Please make sure it has an appropriate `as` value and it is preloaded intentionally.", source: https://www.chess.com/game/147096363016 (0)
[6460:6588:1223/233013.550:INFO:CONSOLE:1] "Error Error", source: https://static.adsafeprotected.com/main.19.8.640.js (1)
[6460:6588:1223/233013.587:INFO:CONSOLE:32] "a: 0.007080078125 ms", source: https://static.adsafeprotected.com/sca.17.6.4.js (32)
[6460:6588:1223/233013.792:INFO:CONSOLE:1272] "Error Error", source: https://fw.adsafeprotected.com/rjss/st/2690871/91168548/skeleton.js?ias_dspID=9&ias_campId=vvwaqhw&ias_pubId=205557&ias_chanId=casale&ias_placementId=3lt4md6&bidurl=www.chess.com%252fgame%252f147096363016&ias_dealId=&ias_xappb=www.chess.com&adsafe_par&ias_impId=v4~~c203cd94-c72f-42b4-936e-fc4519787414 (1272)
[6460:6588:1223/233018.547:INFO:CONSOLE:0] "The resource https://www.chess.com/bundles/app/css/alerts.client.d17136ee.css was preloaded using link preload but not used within a few seconds from the window's load event. Please make sure it has an appropriate `as` value and it is preloaded intentionally.", source: https://www.chess.com/game/147096363016 (0)
[6460:6588:1223/233018.547:INFO:CONSOLE:0] "The resource https://www.chess.com/bundles/app/css/comments.client.a083be7f.css was preloaded using link preload but not used within a few seconds from the window's load event. Please make sure it has an appropriate `as` value and it is preloaded intentionally.", source: https://www.chess.com/game/147096363016 (0)
[6460:6588:1223/233022.555:INFO:CONSOLE:0] "The resource https://www.chess.com/bundles/app/css/alerts.client.d17136ee.css was preloaded using link preload but not used within a few seconds from the window's load event. Please make sure it has an appropriate `as` value and it is preloaded intentionally.", source: https://www.chess.com/game/147096363016 (0)
[6460:6588:1223/233022.555:INFO:CONSOLE:0] "The resource https://www.chess.com/bundles/app/css/comments.client.a083be7f.css was preloaded using link preload but not used within a few seconds from the window's load event. Please make sure it has an appropriate `as` value and it is preloaded intentionally.", source: https://www.chess.com/game/147096363016 (0)
[6460:6588:1223/233032.778:INFO:CONSOLE:0] "The resource https://www.chess.com/bundles/app/css/alerts.client.d17136ee.css was preloaded using link preload but not used within a few seconds from the window's load event. Please make sure it has an appropriate `as` value and it is preloaded intentionally.", source: https://www.chess.com/game/147096363016 (0)
[6460:6588:1223/233032.778:INFO:CONSOLE:0] "The resource https://www.chess.com/bundles/app/css/comments.client.a083be7f.css was preloaded using link preload but not used within a few seconds from the window's load event. Please make sure it has an appropriate `as` value and it is preloaded intentionally.", source: https://www.chess.com/game/147096363016 (0)
[6460:6588:1223/233044.233:INFO:CONSOLE:1] "Error Error", source: https://static.adsafeprotected.com/main.19.8.640.js (1)
[6460:6588:1223/233044.237:INFO:CONSOLE:32] "a: 0.004150390625 ms", source: https://static.adsafeprotected.com/sca.17.6.4.js (32)
[6460:6588:1223/233044.454:INFO:CONSOLE:1272] "Error Error", source: https://fw.adsafeprotected.com/rjss/st/2690871/91168548/skeleton.js?ias_dspID=9&ias_campId=vvwaqhw&ias_pubId=205557&ias_chanId=casale&ias_placementId=3lt4md6&bidurl=www.chess.com%252fgame%252f147096363016&ias_dealId=&ias_xappb=www.chess.com&adsafe_par&ias_impId=v4~~7da39f16-3b1c-4a78-be70-b44d9c129982 (1272)
[6460:6588:1223/233049.213:INFO:CONSOLE:0] "The resource https://www.chess.com/bundles/app/css/alerts.client.d17136ee.css was preloaded using link preload but not used within a few seconds from the window's load event. Please make sure it has an appropriate `as` value and it is preloaded intentionally.", source: https://www.chess.com/game/147096363016 (0)
[6460:6588:1223/233049.213:INFO:CONSOLE:0] "The resource https://www.chess.com/bundles/app/css/comments.client.a083be7f.css was preloaded using link preload but not used within a few seconds from the window's load event. Please make sure it has an appropriate `as` value and it is preloaded intentionally.", source: https://www.chess.com/game/147096363016 (0)
[6460:6588:1223/233053.193:INFO:CONSOLE:0] "The resource https://www.chess.com/bundles/app/css/alerts.client.d17136ee.css was preloaded using link preload but not used within a few seconds from the window's load event. Please make sure it has an appropriate `as` value and it is preloaded intentionally.", source: https://www.chess.com/game/147096363016 (0)
[6460:6588:1223/233053.193:INFO:CONSOLE:0] "The resource https://www.chess.com/bundles/app/css/comments.client.a083be7f.css was preloaded using link preload but not used within a few seconds from the window's load event. Please make sure it has an appropriate `as` value and it is preloaded intentionally.", source: https://www.chess.com/game/147096363016 (0)
[6460:6588:1223/233103.465:INFO:CONSOLE:0] "The resource https://www.chess.com/bundles/app/css/alerts.client.d17136ee.css was preloaded using link preload but not used within a few seconds from the window's load event. Please make sure it has an appropriate `as` value and it is preloaded intentionally.", source: https://www.chess.com/game/147096363016 (0)
[6460:6588:1223/233103.465:INFO:CONSOLE:0] "The resource https://www.chess.com/bundles/app/css/comments.client.a083be7f.css was preloaded using link preload but not used within a few seconds from the window's load event. Please make sure it has an appropriate `as` value and it is preloaded intentionally.", source: https://www.chess.com/game/147096363016 (0)
[20428:10916:1223/233114.614:WARNING:net\spdy\spdy_session.cc:2792] Received RST for invalid stream1
[20428:10916:1223/233114.614:WARNING:net\spdy\spdy_session.cc:2792] Received RST for invalid stream1
[6460:6588:1223/233114.639:INFO:CONSOLE:1272] "Error Error", source: https://fw.adsafeprotected.com/rjss/st/2690871/91168548/skeleton.js?ias_dspID=9&ias_campId=vvwaqhw&ias_pubId=205557&ias_chanId=casale&ias_placementId=3lt4md6&bidurl=www.chess.com%252fgame%252f147096363016&ias_dealId=&ias_xappb=www.chess.com&adsafe_par&ias_impId=v4~~b869d4cf-3588-41dd-be61-d24981141e01 (1272)
[6460:6588:1223/233114.655:INFO:CONSOLE:32] "a: 0.007080078125 ms", source: https://static.adsafeprotected.com/sca.17.6.4.js (32)
[6460:6588:1223/233114.673:INFO:CONSOLE:1] "Error Error", source: https://static.adsafeprotected.com/main.19.8.640.js (1)
[6460:6588:1223/233114.687:INFO:CONSOLE:32] "a: 0.001953125 ms", source: https://static.adsafeprotected.com/sca.17.6.4.js (32)
[6460:6588:1223/233123.698:INFO:CONSOLE:0] "The resource https://www.chess.com/bundles/app/css/alerts.client.d17136ee.css was preloaded using link preload but not used within a few seconds from the window's load event. Please make sure it has an appropriate `as` value and it is preloaded intentionally.", source: https://www.chess.com/game/147096363016 (0)
[6460:6588:1223/233123.698:INFO:CONSOLE:0] "The resource https://www.chess.com/bundles/app/css/comments.client.a083be7f.css was preloaded using link preload but not used within a few seconds from the window's load event. Please make sure it has an appropriate `as` value and it is preloaded intentionally.", source: https://www.chess.com/game/147096363016 (0)
[6460:6588:1223/233133.921:INFO:CONSOLE:0] "The resource https://www.chess.com/bundles/app/css/alerts.client.d17136ee.css was preloaded using link preload but not used within a few seconds from the window's load event. Please make sure it has an appropriate `as` value and it is preloaded intentionally.", source: https://www.chess.com/game/147096363016 (0)
[6460:6588:1223/233133.921:INFO:CONSOLE:0] "The resource https://www.chess.com/bundles/app/css/comments.client.a083be7f.css was preloaded using link preload but not used within a few seconds from the window's load event. Please make sure it has an appropriate `as` value and it is preloaded intentionally.", source: https://www.chess.com/game/147096363016 (0)
[6460:6588:1223/233143.782:INFO:CONSOLE:10] "Uncaught SecurityError: Failed to read a named property 'addEventListener' from 'Window': Blocked a frame with origin "https://aax-events-cell01-cf.eu-west.aps.axp.amazon-adsystem.com" from accessing a frame with origin "https://www.chess.com". Protocols, domains, and ports must match.", source: about:srcdoc (10)
[6460:6588:1223/233149.406:INFO:CONSOLE:0] "The resource https://www.chess.com/bundles/app/css/alerts.client.d17136ee.css was preloaded using link preload but not used within a few seconds from the window's load event. Please make sure it has an appropriate `as` value and it is preloaded intentionally.", source: https://www.chess.com/game/147096363016 (0)
[6460:6588:1223/233149.406:INFO:CONSOLE:0] "The resource https://www.chess.com/bundles/app/css/comments.client.a083be7f.css was preloaded using link preload but not used within a few seconds from the window's load event. Please make sure it has an appropriate `as` value and it is preloaded intentionally.", source: https://www.chess.com/game/147096363016 (0)
[6460:6588:1223/233215.200:INFO:CONSOLE:10] "Uncaught SecurityError: Failed to read a named property 'addEventListener' from 'Window': Blocked a frame with origin "https://aax-events-cell01-cf.eu-west.aps.axp.amazon-adsystem.com" from accessing a frame with origin "https://www.chess.com". Protocols, domains, and ports must match.", source: about:srcdoc (10)
[6460:6588:1223/233220.833:INFO:CONSOLE:0] "The resource https://www.chess.com/bundles/app/css/alerts.client.d17136ee.css was preloaded using link preload but not used within a few seconds from the window's load event. Please make sure it has an appropriate `as` value and it is preloaded intentionally.", source: https://www.chess.com/game/147096363016 (0)
[6460:6588:1223/233220.833:INFO:CONSOLE:0] "The resource https://www.chess.com/bundles/app/css/comments.client.a083be7f.css was preloaded using link preload but not used within a few seconds from the window's load event. Please make sure it has an appropriate `as` value and it is preloaded intentionally.", source: https://www.chess.com/game/147096363016 (0)
[6460:6588:1223/233243.680:INFO:CONSOLE:10] "Uncaught SecurityError: Failed to read a named property 'addEventListener' from 'Window': Blocked a frame with origin "https://aax-events-cell01-cf.eu-west.aps.axp.amazon-adsystem.com" from accessing a frame with origin "https://www.chess.com". Protocols, domains, and ports must match.", source: about:srcdoc (10)
[6460:6588:1223/233249.308:INFO:CONSOLE:0] "The resource https://www.chess.com/bundles/app/css/alerts.client.d17136ee.css was preloaded using link preload but not used within a few seconds from the window's load event. Please make sure it has an appropriate `as` value and it is preloaded intentionally.", source: https://www.chess.com/game/147096363016 (0)
[6460:6588:1223/233249.308:INFO:CONSOLE:0] "The resource https://www.chess.com/bundles/app/css/comments.client.a083be7f.css was preloaded using link preload but not used within a few seconds from the window's load event. Please make sure it has an appropriate `as` value and it is preloaded intentionally.", source: https://www.chess.com/game/147096363016 (0)
[6460:6588:1223/233317.043:INFO:CONSOLE:0] "The resource https://www.chess.com/bundles/app/css/alerts.client.d17136ee.css was preloaded using link preload but not used within a few seconds from the window's load event. Please make sure it has an appropriate `as` value and it is preloaded intentionally.", source: https://www.chess.com/game/147096363016 (0)
[6460:6588:1223/233317.043:INFO:CONSOLE:0] "The resource https://www.chess.com/bundles/app/css/comments.client.a083be7f.css was preloaded using link preload but not used within a few seconds from the window's load event. Please make sure it has an appropriate `as` value and it is preloaded intentionally.", source: https://www.chess.com/game/147096363016 (0)
[6460:6588:1223/233350.211:INFO:CONSOLE:0] "The resource https://www.chess.com/bundles/app/css/alerts.client.d17136ee.css was preloaded using link preload but not used within a few seconds from the window's load event. Please make sure it has an appropriate `as` value and it is preloaded intentionally.", source: https://www.chess.com/game/147096363016 (0)
[6460:6588:1223/233350.211:INFO:CONSOLE:0] "The resource https://www.chess.com/bundles/app/css/comments.client.a083be7f.css was preloaded using link preload but not used within a few seconds from the window's load event. Please make sure it has an appropriate `as` value and it is preloaded intentionally.", source: https://www.chess.com/game/147096363016 (0)
[6460:6588:1223/233416.508:INFO:CONSOLE:1] "Error Error", source: https://static.adsafeprotected.com/main.19.8.640.js (1)
[6460:6588:1223/233416.537:INFO:CONSOLE:32] "a: 0.001953125 ms", source: https://static.adsafeprotected.com/sca.17.6.4.js (32)
[6460:6588:1223/233416.722:INFO:CONSOLE:1272] "Error Error", source: https://fw.adsafeprotected.com/rjss/st/2690871/91168548/skeleton.js?ias_dspID=9&ias_campId=vvwaqhw&ias_pubId=205557&ias_chanId=casale&ias_placementId=3lt4md6&bidurl=www.chess.com%252fgame%252f147096363016&ias_dealId=&ias_xappb=www.chess.com&adsafe_par&ias_impId=v4~~19234ffb-3c93-4c9c-a4d4-4da1d1817777 (1272)
[6460:6588:1223/233421.486:INFO:CONSOLE:0] "The resource https://www.chess.com/bundles/app/css/alerts.client.d17136ee.css was preloaded using link preload but not used within a few seconds from the window's load event. Please make sure it has an appropriate `as` value and it is preloaded intentionally.", source: https://www.chess.com/game/147096363016 (0)
[6460:6588:1223/233421.486:INFO:CONSOLE:0] "The resource https://www.chess.com/bundles/app/css/comments.client.a083be7f.css was preloaded using link preload but not used within a few seconds from the window's load event. Please make sure it has an appropriate `as` value and it is preloaded intentionally.", source: https://www.chess.com/game/147096363016 (0)
[6460:6588:1223/233425.491:INFO:CONSOLE:0] "The resource https://www.chess.com/bundles/app/css/alerts.client.d17136ee.css was preloaded using link preload but not used within a few seconds from the window's load event. Please make sure it has an appropriate `as` value and it is preloaded intentionally.", source: https://www.chess.com/game/147096363016 (0)
[6460:6588:1223/233425.491:INFO:CONSOLE:0] "The resource https://www.chess.com/bundles/app/css/comments.client.a083be7f.css was preloaded using link preload but not used within a few seconds from the window's load event. Please make sure it has an appropriate `as` value and it is preloaded intentionally.", source: https://www.chess.com/game/147096363016 (0)
[6460:6588:1223/233435.739:INFO:CONSOLE:0] "The resource https://www.chess.com/bundles/app/css/alerts.client.d17136ee.css was preloaded using link preload but not used within a few seconds from the window's load event. Please make sure it has an appropriate `as` value and it is preloaded intentionally.", source: https://www.chess.com/game/147096363016 (0)
[6460:6588:1223/233435.739:INFO:CONSOLE:0] "The resource https://www.chess.com/bundles/app/css/comments.client.a083be7f.css was preloaded using link preload but not used within a few seconds from the window's load event. Please make sure it has an appropriate `as` value and it is preloaded intentionally.", source: https://www.chess.com/game/147096363016 (0)
[6460:6588:1223/233450.125:INFO:CONSOLE:0] "The resource https://www.chess.com/bundles/app/css/alerts.client.d17136ee.css was preloaded using link preload but not used within a few seconds from the window's load event. Please make sure it has an appropriate `as` value and it is preloaded intentionally.", source: https://www.chess.com/game/147096363016 (0)
[6460:6588:1223/233450.125:INFO:CONSOLE:0] "The resource https://www.chess.com/bundles/app/css/comments.client.a083be7f.css was preloaded using link preload but not used within a few seconds from the window's load event. Please make sure it has an appropriate `as` value and it is preloaded intentionally.", source: https://www.chess.com/game/147096363016 (0)
[6460:6588:1223/233520.380:INFO:CONSOLE:0] "The resource https://www.chess.com/bundles/app/css/alerts.client.d17136ee.css was preloaded using link preload but not used within a few seconds from the window's load event. Please make sure it has an appropriate `as` value and it is preloaded intentionally.", source: https://www.chess.com/game/147096363016 (0)
[6460:6588:1223/233520.380:INFO:CONSOLE:0] "The resource https://www.chess.com/bundles/app/css/comments.client.a083be7f.css was preloaded using link preload but not used within a few seconds from the window's load event. Please make sure it has an appropriate `as` value and it is preloaded intentionally.", source: https://www.chess.com/game/147096363016 (0)
[6460:6588:1223/233550.179:INFO:CONSOLE:0] "The resource https://www.chess.com/bundles/app/css/alerts.client.d17136ee.css was preloaded using link preload but not used within a few seconds from the window's load event. Please make sure it has an appropriate `as` value and it is preloaded intentionally.", source: https://www.chess.com/game/147096363016 (0)
[6460:6588:1223/233550.179:INFO:CONSOLE:0] "The resource https://www.chess.com/bundles/app/css/comments.client.a083be7f.css was preloaded using link preload but not used within a few seconds from the window's load event. Please make sure it has an appropriate `as` value and it is preloaded intentionally.", source: https://www.chess.com/game/147096363016 (0)
[6460:6588:1223/233610.087:INFO:CONSOLE:0] "The resource https://www.chess.com/bundles/app/css/alerts.client.d17136ee.css was preloaded using link preload but not used within a few seconds from the window's load event. Please make sure it has an appropriate `as` value and it is preloaded intentionally.", source: https://www.chess.com/game/147096363016 (0)
[6460:6588:1223/233610.087:INFO:CONSOLE:0] "The resource https://www.chess.com/bundles/app/css/comments.client.a083be7f.css was preloaded using link preload but not used within a few seconds from the window's load event. Please make sure it has an appropriate `as` value and it is preloaded intentionally.", source: https://www.chess.com/game/147096363016 (0)
[6460:6588:1223/233620.472:INFO:CONSOLE:0] "The resource https://www.chess.com/bundles/app/css/alerts.client.d17136ee.css was preloaded using link preload but not used within a few seconds from the window's load event. Please make sure it has an appropriate `as` value and it is preloaded intentionally.", source: https://www.chess.com/game/147096363016 (0)
[6460:6588:1223/233620.472:INFO:CONSOLE:0] "The resource https://www.chess.com/bundles/app/css/comments.client.a083be7f.css was preloaded using link preload but not used within a few seconds from the window's load event. Please make sure it has an appropriate `as` value and it is preloaded intentionally.", source: https://www.chess.com/game/147096363016 (0)
[6460:6588:1223/233642.369:INFO:CONSOLE:0] "The resource https://www.chess.com/bundles/app/css/alerts.client.d17136ee.css was preloaded using link preload but not used within a few seconds from the window's load event. Please make sure it has an appropriate `as` value and it is preloaded intentionally.", source: https://www.chess.com/game/147096363016 (0)
[6460:6588:1223/233642.369:INFO:CONSOLE:0] "The resource https://www.chess.com/bundles/app/css/comments.client.a083be7f.css was preloaded using link preload but not used within a few seconds from the window's load event. Please make sure it has an appropriate `as` value and it is preloaded intentionally.", source: https://www.chess.com/game/147096363016 (0)
[6460:6588:1223/233650.440:INFO:CONSOLE:2] "Powered by AMP ⚡ HTML – Version 2509301838000 https://www.chess.com/game/147096363016", source: https://cdn.ampproject.org/rtv/012509301838000/amp4ads-v0.mjs (2)
[6460:6588:1223/233652.869:INFO:CONSOLE:0] "Attestation check for Attribution Reporting on https://pixel.quantcount.com failed.", source: https://www.chess.com/game/147096363016 (0)
[6460:6588:1223/233652.897:INFO:CONSOLE:1371] "document.domain mutation is ignored because the surrounding agent cluster is origin-keyed.", source: https://www.chess.com/analysis/game/live/147096363016/review (1371)
[6460:6588:1223/233653.275:INFO:CONSOLE:1] "CHESSBOARD VERSION: 1.155.0", source: https://www.chess.com/bundles/app/js/sentry.client.4859757e.js (1)
[6460:6588:1223/233655.917:INFO:CONSOLE:0] "The resource https://www.chess.com/bundles/app/css/alerts.client.d17136ee.css was preloaded using link preload but not used within a few seconds from the window's load event. Please make sure it has an appropriate `as` value and it is preloaded intentionally.", source: https://www.chess.com/game/147096363016 (0)
[6460:6588:1223/233655.917:INFO:CONSOLE:0] "The resource https://www.chess.com/bundles/app/css/comments.client.a083be7f.css was preloaded using link preload but not used within a few seconds from the window's load event. Please make sure it has an appropriate `as` value and it is preloaded intentionally.", source: https://www.chess.com/game/147096363016 (0)
[6460:6588:1223/233704.476:INFO:CONSOLE:0] "The resource https://www.chess.com/bundles/app/css/alerts.client.d17136ee.css was preloaded using link preload but not used within a few seconds from the window's load event. Please make sure it has an appropriate `as` value and it is preloaded intentionally.", source: https://www.chess.com/game/147096363016 (0)
[6460:6588:1223/233704.476:INFO:CONSOLE:0] "The resource https://www.chess.com/bundles/app/css/comments.client.a083be7f.css was preloaded using link preload but not used within a few seconds from the window's load event. Please make sure it has an appropriate `as` value and it is preloaded intentionally.", source: https://www.chess.com/game/147096363016 (0)
[6460:6588:1223/233704.496:INFO:CONSOLE:0] "The resource https://www.chess.com/bundles/app/css/alerts.client.d17136ee.css was preloaded using link preload but not used within a few seconds from the window's load event. Please make sure it has an appropriate `as` value and it is preloaded intentionally.", source: https://www.chess.com/analysis/game/live/147096363016/review (0)
[6460:6588:1223/233710.958:INFO:CONSOLE:2] "Powered by AMP ⚡ HTML – Version 2509301838000 https://www.chess.com/game/147096363016", source: https://cdn.ampproject.org/rtv/012509301838000/amp4ads-v0.mjs (2)
[6460:6588:1223/233715.052:INFO:CONSOLE:0] "The resource https://www.chess.com/bundles/app/css/alerts.client.d17136ee.css was preloaded using link preload but not used within a few seconds from the window's load event. Please make sure it has an appropriate `as` value and it is preloaded intentionally.", source: https://www.chess.com/game/147096363016 (0)
[6460:6588:1223/233715.052:INFO:CONSOLE:0] "The resource https://www.chess.com/bundles/app/css/comments.client.a083be7f.css was preloaded using link preload but not used within a few seconds from the window's load event. Please make sure it has an appropriate `as` value and it is preloaded intentionally.", source: https://www.chess.com/game/147096363016 (0)
[6460:6588:1223/233723.131:INFO:CONSOLE:0] "The resource https://www.chess.com/bundles/app/css/alerts.client.d17136ee.css was preloaded using link preload but not used within a few seconds from the window's load event. Please make sure it has an appropriate `as` value and it is preloaded intentionally.", source: https://www.chess.com/game/147096363016 (0)
[6460:6588:1223/233723.131:INFO:CONSOLE:0] "The resource https://www.chess.com/bundles/app/css/comments.client.a083be7f.css was preloaded using link preload but not used within a few seconds from the window's load event. Please make sure it has an appropriate `as` value and it is preloaded intentionally.", source: https://www.chess.com/game/147096363016 (0)
[6460:6588:1223/233800.306:INFO:CONSOLE:1] "%craven%c Raven v1.16.0-sj05vn background-color:#000;margin-left:1px;padding:1px 3px;font-size:0.75em;color:#ffffff; font-size:0.9em;", source: https://www.chess.com/bundles/app/js/sentry.client.4859757e.js (1)
[6460:6588:1223/233800.410:INFO:CONSOLE:1] "[GPT] Using deprecated googletag.encryptedSignalProviders. Please use googletag.secureSignalProviders instead.
https://goo.gle/gpt-message#155", source: https://www.chess.com/bundles/app/js/sentry.client.4859757e.js (1)
[6460:6588:1223/233800.454:INFO:CONSOLE:0] "Attestation check for Attribution Reporting on https://pixel.quantcount.com failed.", source: https://www.chess.com/member/cappytopg (0)
[6460:6588:1223/233843.248:INFO:CONSOLE:0] "Attestation check for Attribution Reporting on https://pixel.quantcount.com failed.", source: https://www.chess.com/member/cappytopg (0)
[6460:6588:1223/233843.402:INFO:CONSOLE:1482] "document.domain mutation is ignored because the surrounding agent cluster is origin-keyed.", source: https://www.chess.com/play/online/new?opponent=Roankosk (1482)
[6460:6588:1223/233843.715:INFO:CONSOLE:1] "Version: 2025.12.6-hotfix.6d60ceb / 1.155.0", source: https://www.chess.com/bundles/app/js/sentry.client.4859757e.js (1)
[6460:6588:1223/233844.271:INFO:CONSOLE:1] "%craven%c Raven v1.16.0-sj05vn background-color:#000;margin-left:1px;padding:1px 3px;font-size:0.75em;color:#ffffff; font-size:0.9em;", source: https://www.chess.com/bundles/app/js/sentry.client.4859757e.js (1)
[6460:6588:1223/233844.296:INFO:CONSOLE:7] "Uncaught (in promise) ReferenceError: Buffer is not defined", source: https://btloader.com/tag?o=5107457992425472&upapi=true (7)
[6460:6588:1223/233844.296:INFO:CONSOLE:7] "Uncaught (in promise) ReferenceError: Buffer is not defined", source: https://btloader.com/tag?o=5107457992425472&upapi=true (7)
[6460:6588:1223/233844.296:INFO:CONSOLE:7] "Uncaught (in promise) ReferenceError: Buffer is not defined", source: https://btloader.com/tag?o=5107457992425472&upapi=true (7)
[6460:6588:1223/233844.320:INFO:CONSOLE:7] "Uncaught (in promise) ReferenceError: Buffer is not defined", source: https://btloader.com/tag?o=5107457992425472&upapi=true (7)
[6460:6588:1223/233844.321:INFO:CONSOLE:7] "Uncaught (in promise) ReferenceError: Buffer is not defined", source: https://btloader.com/tag?o=5107457992425472&upapi=true (7)
[6460:6588:1223/233844.323:INFO:CONSOLE:7] "Uncaught (in promise) ReferenceError: Buffer is not defined", source: https://btloader.com/tag?o=5107457992425472&upapi=true (7)
[6460:6588:1223/233844.326:INFO:CONSOLE:7] "Uncaught (in promise) ReferenceError: Buffer is not defined", source: https://btloader.com/tag?o=5107457992425472&upapi=true (7)
[6460:6588:1223/233844.344:INFO:CONSOLE:1] "CHESSBOARD VERSION: 1.155.0", source: https://www.chess.com/bundles/app/js/sentry.client.4859757e.js (1)
[6460:6588:1223/233844.675:INFO:CONSOLE:0] "Attestation check for Attribution Reporting on https://pixel.quantcount.com failed.", source: https://www.chess.com/play/online/new?opponent=Roankosk (0)
[6460:6588:1223/233844.760:INFO:CONSOLE:1] "[GPT] Using deprecated googletag.encryptedSignalProviders. Please use googletag.secureSignalProviders instead.
https://goo.gle/gpt-message#155", source: https://www.chess.com/bundles/app/js/sentry.client.4859757e.js (1)
[6460:6588:1223/233844.783:INFO:CONSOLE:1] "canModifyExistingMovesOnMainLine is not an editable option in this mode.", source: https://www.chess.com/bundles/app/js/sentry.client.4859757e.js (1)
[6460:6588:1223/234823.771:INFO:CONSOLE:0] "Attestation check for Attribution Reporting on https://pixel.quantcount.com failed.", source: https://www.chess.com/game/147096687196 (0)
[6460:6588:1223/234823.888:INFO:CONSOLE:1371] "document.domain mutation is ignored because the surrounding agent cluster is origin-keyed.", source: https://www.chess.com/analysis/game/live/147096687196/review (1371)
[6460:6588:1223/234824.307:INFO:CONSOLE:1] "CHESSBOARD VERSION: 1.155.0", source: https://www.chess.com/bundles/app/js/sentry.client.4859757e.js (1)
[6460:6588:1223/234844.063:INFO:CONSOLE:2] "Powered by AMP ⚡ HTML – Version 2509301838000 https://www.chess.com/game/147096687196", source: https://cdn.ampproject.org/rtv/012509301838000/amp4ads-v0.mjs (2)
