==90885== Memcheck, a memory error detector
==90885== Copyright (C) 2002-2022, and GNU GPL'd, by Julian Seward et al.
==90885== Using Valgrind-3.22.0 and LibVEX; rerun with -h for copyright info
==90885== Command: ./client_app
==90885== Parent PID: 90884
==90885== 
==90885== 
==90885== Process terminating with default action of signal 15 (SIGTERM)
==90885==    at 0x49D8D40: tcsetattr (tcsetattr.c:83)
==90885==    by 0x48A5862: _nc_set_tty_mode_sp (in /usr/lib/x86_64-linux-gnu/libtinfo.so.6.4)
==90885==    by 0x48A394B: cbreak_sp (in /usr/lib/x86_64-linux-gnu/libtinfo.so.6.4)
==90885==    by 0x486F03A: newterm_sp (in /usr/lib/x86_64-linux-gnu/libncurses.so.6.4)
==90885==    by 0x486F4D4: newterm (in /usr/lib/x86_64-linux-gnu/libncurses.so.6.4)
==90885==    by 0x486F567: initscr (in /usr/lib/x86_64-linux-gnu/libncurses.so.6.4)
==90885==    by 0x1095F3: main (in /mnt/c/Users/patri/Desktop/moje/skola/udsp_semka/client_app)
==90885== 
==90885== HEAP SUMMARY:
==90885==     in use at exit: 53,267 bytes in 122 blocks
==90885==   total heap usage: 133 allocs, 11 frees, 62,295 bytes allocated
==90885== 
==90885== 4 bytes in 1 blocks are still reachable in loss record 1 of 71
==90885==    at 0x484D953: calloc (in /usr/libexec/valgrind/vgpreload_memcheck-amd64-linux.so)
==90885==    by 0x486E2A1: newterm_sp (in /usr/lib/x86_64-linux-gnu/libncurses.so.6.4)
==90885==    by 0x486F4D4: newterm (in /usr/lib/x86_64-linux-gnu/libncurses.so.6.4)
==90885==    by 0x486F567: initscr (in /usr/lib/x86_64-linux-gnu/libncurses.so.6.4)
==90885==    by 0x1095F3: main (in /mnt/c/Users/patri/Desktop/moje/skola/udsp_semka/client_app)
==90885== 
==90885== 9 bytes in 1 blocks are still reachable in loss record 2 of 71
==90885==    at 0x4846828: malloc (in /usr/libexec/valgrind/vgpreload_memcheck-amd64-linux.so)
==90885==    by 0x497035E: strdup (strdup.c:42)
==90885==    by 0x489C6A5: ??? (in /usr/lib/x86_64-linux-gnu/libtinfo.so.6.4)
==90885==    by 0x48A1278: _nc_tiparm (in /usr/lib/x86_64-linux-gnu/libtinfo.so.6.4)
==90885==    by 0x486EB8B: newterm_sp (in /usr/lib/x86_64-linux-gnu/libncurses.so.6.4)
==90885==    by 0x486F4D4: newterm (in /usr/lib/x86_64-linux-gnu/libncurses.so.6.4)
==90885==    by 0x486F567: initscr (in /usr/lib/x86_64-linux-gnu/libncurses.so.6.4)
==90885==    by 0x1095F3: main (in /mnt/c/Users/patri/Desktop/moje/skola/udsp_semka/client_app)
==90885== 
==90885== 9 bytes in 1 blocks are still reachable in loss record 3 of 71
==90885==    at 0x4846828: malloc (in /usr/libexec/valgrind/vgpreload_memcheck-amd64-linux.so)
==90885==    by 0x497035E: strdup (strdup.c:42)
==90885==    by 0x489C6A5: ??? (in /usr/lib/x86_64-linux-gnu/libtinfo.so.6.4)
==90885==    by 0x48A1278: _nc_tiparm (in /usr/lib/x86_64-linux-gnu/libtinfo.so.6.4)
==90885==    by 0x486EBC3: newterm_sp (in /usr/lib/x86_64-linux-gnu/libncurses.so.6.4)
==90885==    by 0x486F4D4: newterm (in /usr/lib/x86_64-linux-gnu/libncurses.so.6.4)
==90885==    by 0x486F567: initscr (in /usr/lib/x86_64-linux-gnu/libncurses.so.6.4)
==90885==    by 0x1095F3: main (in /mnt/c/Users/patri/Desktop/moje/skola/udsp_semka/client_app)
==90885== 
==90885== 9 bytes in 1 blocks are still reachable in loss record 4 of 71
==90885==    at 0x4846828: malloc (in /usr/libexec/valgrind/vgpreload_memcheck-amd64-linux.so)
==90885==    by 0x497035E: strdup (strdup.c:42)
==90885==    by 0x489C6A5: ??? (in /usr/lib/x86_64-linux-gnu/libtinfo.so.6.4)
==90885==    by 0x48A1278: _nc_tiparm (in /usr/lib/x86_64-linux-gnu/libtinfo.so.6.4)
==90885==    by 0x486EBFB: newterm_sp (in /usr/lib/x86_64-linux-gnu/libncurses.so.6.4)
==90885==    by 0x486F4D4: newterm (in /usr/lib/x86_64-linux-gnu/libncurses.so.6.4)
==90885==    by 0x486F567: initscr (in /usr/lib/x86_64-linux-gnu/libncurses.so.6.4)
==90885==    by 0x1095F3: main (in /mnt/c/Users/patri/Desktop/moje/skola/udsp_semka/client_app)
==90885== 
==90885== 9 bytes in 1 blocks are still reachable in loss record 5 of 71
==90885==    at 0x4846828: malloc (in /usr/libexec/valgrind/vgpreload_memcheck-amd64-linux.so)
==90885==    by 0x497035E: strdup (strdup.c:42)
==90885==    by 0x489C6A5: ??? (in /usr/lib/x86_64-linux-gnu/libtinfo.so.6.4)
==90885==    by 0x48A1278: _nc_tiparm (in /usr/lib/x86_64-linux-gnu/libtinfo.so.6.4)
==90885==    by 0x486EDAA: newterm_sp (in /usr/lib/x86_64-linux-gnu/libncurses.so.6.4)
==90885==    by 0x486F4D4: newterm (in /usr/lib/x86_64-linux-gnu/libncurses.so.6.4)
==90885==    by 0x486F567: initscr (in /usr/lib/x86_64-linux-gnu/libncurses.so.6.4)
==90885==    by 0x1095F3: main (in /mnt/c/Users/patri/Desktop/moje/skola/udsp_semka/client_app)
==90885== 
==90885== 9 bytes in 1 blocks are still reachable in loss record 6 of 71
==90885==    at 0x4846828: malloc (in /usr/libexec/valgrind/vgpreload_memcheck-amd64-linux.so)
==90885==    by 0x497035E: strdup (strdup.c:42)
==90885==    by 0x489C6A5: ??? (in /usr/lib/x86_64-linux-gnu/libtinfo.so.6.4)
==90885==    by 0x48A1278: _nc_tiparm (in /usr/lib/x86_64-linux-gnu/libtinfo.so.6.4)
==90885==    by 0x486EDF8: newterm_sp (in /usr/lib/x86_64-linux-gnu/libncurses.so.6.4)
==90885==    by 0x486F4D4: newterm (in /usr/lib/x86_64-linux-gnu/libncurses.so.6.4)
==90885==    by 0x486F567: initscr (in /usr/lib/x86_64-linux-gnu/libncurses.so.6.4)
==90885==    by 0x1095F3: main (in /mnt/c/Users/patri/Desktop/moje/skola/udsp_semka/client_app)
==90885== 
==90885== 9 bytes in 1 blocks are still reachable in loss record 7 of 71
==90885==    at 0x4846828: malloc (in /usr/libexec/valgrind/vgpreload_memcheck-amd64-linux.so)
==90885==    by 0x497035E: strdup (strdup.c:42)
==90885==    by 0x489C6A5: ??? (in /usr/lib/x86_64-linux-gnu/libtinfo.so.6.4)
==90885==    by 0x48A1278: _nc_tiparm (in /usr/lib/x86_64-linux-gnu/libtinfo.so.6.4)
==90885==    by 0x486EE46: newterm_sp (in /usr/lib/x86_64-linux-gnu/libncurses.so.6.4)
==90885==    by 0x486F4D4: newterm (in /usr/lib/x86_64-linux-gnu/libncurses.so.6.4)
==90885==    by 0x486F567: initscr (in /usr/lib/x86_64-linux-gnu/libncurses.so.6.4)
==90885==    by 0x1095F3: main (in /mnt/c/Users/patri/Desktop/moje/skola/udsp_semka/client_app)
==90885== 
==90885== 9 bytes in 1 blocks are possibly lost in loss record 8 of 71
==90885==    at 0x4846828: malloc (in /usr/libexec/valgrind/vgpreload_memcheck-amd64-linux.so)
==90885==    by 0x497035E: strdup (strdup.c:42)
==90885==    by 0x489C6A5: ??? (in /usr/lib/x86_64-linux-gnu/libtinfo.so.6.4)
==90885==    by 0x48A1278: _nc_tiparm (in /usr/lib/x86_64-linux-gnu/libtinfo.so.6.4)
==90885==    by 0x486EB53: newterm_sp (in /usr/lib/x86_64-linux-gnu/libncurses.so.6.4)
==90885==    by 0x486F4D4: newterm (in /usr/lib/x86_64-linux-gnu/libncurses.so.6.4)
==90885==    by 0x486F567: initscr (in /usr/lib/x86_64-linux-gnu/libncurses.so.6.4)
==90885==    by 0x1095F3: main (in /mnt/c/Users/patri/Desktop/moje/skola/udsp_semka/client_app)
==90885== 
==90885== 11 bytes in 1 blocks are still reachable in loss record 9 of 71
==90885==    at 0x4846828: malloc (in /usr/libexec/valgrind/vgpreload_memcheck-amd64-linux.so)
==90885==    by 0x497035E: strdup (strdup.c:42)
==90885==    by 0x489C6A5: ??? (in /usr/lib/x86_64-linux-gnu/libtinfo.so.6.4)
==90885==    by 0x48A1278: _nc_tiparm (in /usr/lib/x86_64-linux-gnu/libtinfo.so.6.4)
==90885==    by 0x486EC30: newterm_sp (in /usr/lib/x86_64-linux-gnu/libncurses.so.6.4)
==90885==    by 0x486F4D4: newterm (in /usr/lib/x86_64-linux-gnu/libncurses.so.6.4)
==90885==    by 0x486F567: initscr (in /usr/lib/x86_64-linux-gnu/libncurses.so.6.4)
==90885==    by 0x1095F3: main (in /mnt/c/Users/patri/Desktop/moje/skola/udsp_semka/client_app)
==90885== 
==90885== 11 bytes in 1 blocks are still reachable in loss record 10 of 71
==90885==    at 0x4846828: malloc (in /usr/libexec/valgrind/vgpreload_memcheck-amd64-linux.so)
==90885==    by 0x497035E: strdup (strdup.c:42)
==90885==    by 0x489C6A5: ??? (in /usr/lib/x86_64-linux-gnu/libtinfo.so.6.4)
==90885==    by 0x48A1278: _nc_tiparm (in /usr/lib/x86_64-linux-gnu/libtinfo.so.6.4)
==90885==    by 0x486EC68: newterm_sp (in /usr/lib/x86_64-linux-gnu/libncurses.so.6.4)
==90885==    by 0x486F4D4: newterm (in /usr/lib/x86_64-linux-gnu/libncurses.so.6.4)
==90885==    by 0x486F567: initscr (in /usr/lib/x86_64-linux-gnu/libncurses.so.6.4)
==90885==    by 0x1095F3: main (in /mnt/c/Users/patri/Desktop/moje/skola/udsp_semka/client_app)
==90885== 
==90885== 12 bytes in 1 blocks are still reachable in loss record 11 of 71
==90885==    at 0x4846828: malloc (in /usr/libexec/valgrind/vgpreload_memcheck-amd64-linux.so)
==90885==    by 0x497035E: strdup (strdup.c:42)
==90885==    by 0x48972D0: ??? (in /usr/lib/x86_64-linux-gnu/libtinfo.so.6.4)
==90885==    by 0x4899F9D: _nc_first_db (in /usr/lib/x86_64-linux-gnu/libtinfo.so.6.4)
==90885==    by 0x48A8A8A: _nc_read_entry2 (in /usr/lib/x86_64-linux-gnu/libtinfo.so.6.4)
==90885==    by 0x48A4135: ??? (in /usr/lib/x86_64-linux-gnu/libtinfo.so.6.4)
==90885==    by 0x48A42C5: _nc_setupterm (in /usr/lib/x86_64-linux-gnu/libtinfo.so.6.4)
==90885==    by 0x486E1F7: newterm_sp (in /usr/lib/x86_64-linux-gnu/libncurses.so.6.4)
==90885==    by 0x486F4D4: newterm (in /usr/lib/x86_64-linux-gnu/libncurses.so.6.4)
==90885==    by 0x486F567: initscr (in /usr/lib/x86_64-linux-gnu/libncurses.so.6.4)
==90885==    by 0x1095F3: main (in /mnt/c/Users/patri/Desktop/moje/skola/udsp_semka/client_app)
==90885== 
==90885== 15 bytes in 1 blocks are still reachable in loss record 12 of 71
==90885==    at 0x4846828: malloc (in /usr/libexec/valgrind/vgpreload_memcheck-amd64-linux.so)
==90885==    by 0x497035E: strdup (strdup.c:42)
==90885==    by 0x486F543: initscr (in /usr/lib/x86_64-linux-gnu/libncurses.so.6.4)
==90885==    by 0x1095F3: main (in /mnt/c/Users/patri/Desktop/moje/skola/udsp_semka/client_app)
==90885== 
==90885== 15 bytes in 1 blocks are still reachable in loss record 13 of 71
==90885==    at 0x4846828: malloc (in /usr/libexec/valgrind/vgpreload_memcheck-amd64-linux.so)
==90885==    by 0x497035E: strdup (strdup.c:42)
==90885==    by 0x48A4328: _nc_setupterm (in /usr/lib/x86_64-linux-gnu/libtinfo.so.6.4)
==90885==    by 0x486E1F7: newterm_sp (in /usr/lib/x86_64-linux-gnu/libncurses.so.6.4)
==90885==    by 0x486F4D4: newterm (in /usr/lib/x86_64-linux-gnu/libncurses.so.6.4)
==90885==    by 0x486F567: initscr (in /usr/lib/x86_64-linux-gnu/libncurses.so.6.4)
==90885==    by 0x1095F3: main (in /mnt/c/Users/patri/Desktop/moje/skola/udsp_semka/client_app)
==90885== 
==90885== 17 bytes in 1 blocks are still reachable in loss record 14 of 71
==90885==    at 0x4846828: malloc (in /usr/libexec/valgrind/vgpreload_memcheck-amd64-linux.so)
==90885==    by 0x497035E: strdup (strdup.c:42)
==90885==    by 0x489C6A5: ??? (in /usr/lib/x86_64-linux-gnu/libtinfo.so.6.4)
==90885==    by 0x48A1278: _nc_tiparm (in /usr/lib/x86_64-linux-gnu/libtinfo.so.6.4)
==90885==    by 0x486EB1B: newterm_sp (in /usr/lib/x86_64-linux-gnu/libncurses.so.6.4)
==90885==    by 0x486F4D4: newterm (in /usr/lib/x86_64-linux-gnu/libncurses.so.6.4)
==90885==    by 0x486F567: initscr (in /usr/lib/x86_64-linux-gnu/libncurses.so.6.4)
==90885==    by 0x1095F3: main (in /mnt/c/Users/patri/Desktop/moje/skola/udsp_semka/client_app)
==90885== 
==90885== 17 bytes in 1 blocks are still reachable in loss record 15 of 71
==90885==    at 0x4846828: malloc (in /usr/libexec/valgrind/vgpreload_memcheck-amd64-linux.so)
==90885==    by 0x497035E: strdup (strdup.c:42)
==90885==    by 0x489C6A5: ??? (in /usr/lib/x86_64-linux-gnu/libtinfo.so.6.4)
==90885==    by 0x48A1278: _nc_tiparm (in /usr/lib/x86_64-linux-gnu/libtinfo.so.6.4)
==90885==    by 0x486C813: ??? (in /usr/lib/x86_64-linux-gnu/libncurses.so.6.4)
==90885==    by 0x486F016: newterm_sp (in /usr/lib/x86_64-linux-gnu/libncurses.so.6.4)
==90885==    by 0x486F4D4: newterm (in /usr/lib/x86_64-linux-gnu/libncurses.so.6.4)
==90885==    by 0x486F567: initscr (in /usr/lib/x86_64-linux-gnu/libncurses.so.6.4)
==90885==    by 0x1095F3: main (in /mnt/c/Users/patri/Desktop/moje/skola/udsp_semka/client_app)
==90885== 
==90885== 20 bytes in 1 blocks are still reachable in loss record 16 of 71
==90885==    at 0x4846828: malloc (in /usr/libexec/valgrind/vgpreload_memcheck-amd64-linux.so)
==90885==    by 0x497035E: strdup (strdup.c:42)
==90885==    by 0x489C6A5: ??? (in /usr/lib/x86_64-linux-gnu/libtinfo.so.6.4)
==90885==    by 0x48A1278: _nc_tiparm (in /usr/lib/x86_64-linux-gnu/libtinfo.so.6.4)
==90885==    by 0x486EE99: newterm_sp (in /usr/lib/x86_64-linux-gnu/libncurses.so.6.4)
==90885==    by 0x486F4D4: newterm (in /usr/lib/x86_64-linux-gnu/libncurses.so.6.4)
==90885==    by 0x486F567: initscr (in /usr/lib/x86_64-linux-gnu/libncurses.so.6.4)
==90885==    by 0x1095F3: main (in /mnt/c/Users/patri/Desktop/moje/skola/udsp_semka/client_app)
==90885== 
==90885== 24 bytes in 1 blocks are still reachable in loss record 17 of 71
==90885==    at 0x4846828: malloc (in /usr/libexec/valgrind/vgpreload_memcheck-amd64-linux.so)
==90885==    by 0x4899997: _nc_home_terminfo (in /usr/lib/x86_64-linux-gnu/libtinfo.so.6.4)
==90885==    by 0x4899F88: _nc_first_db (in /usr/lib/x86_64-linux-gnu/libtinfo.so.6.4)
==90885==    by 0x48A8A8A: _nc_read_entry2 (in /usr/lib/x86_64-linux-gnu/libtinfo.so.6.4)
==90885==    by 0x48A4135: ??? (in /usr/lib/x86_64-linux-gnu/libtinfo.so.6.4)
==90885==    by 0x48A42C5: _nc_setupterm (in /usr/lib/x86_64-linux-gnu/libtinfo.so.6.4)
==90885==    by 0x486E1F7: newterm_sp (in /usr/lib/x86_64-linux-gnu/libncurses.so.6.4)
==90885==    by 0x486F4D4: newterm (in /usr/lib/x86_64-linux-gnu/libncurses.so.6.4)
==90885==    by 0x486F567: initscr (in /usr/lib/x86_64-linux-gnu/libncurses.so.6.4)
==90885==    by 0x1095F3: main (in /mnt/c/Users/patri/Desktop/moje/skola/udsp_semka/client_app)
==90885== 
==90885== 24 bytes in 1 blocks are still reachable in loss record 18 of 71
==90885==    at 0x4846828: malloc (in /usr/libexec/valgrind/vgpreload_memcheck-amd64-linux.so)
==90885==    by 0x49E4510: tsearch (tsearch.c:337)
==90885==    by 0x489C6C7: ??? (in /usr/lib/x86_64-linux-gnu/libtinfo.so.6.4)
==90885==    by 0x48A1278: _nc_tiparm (in /usr/lib/x86_64-linux-gnu/libtinfo.so.6.4)
==90885==    by 0x486EB1B: newterm_sp (in /usr/lib/x86_64-linux-gnu/libncurses.so.6.4)
==90885==    by 0x486F4D4: newterm (in /usr/lib/x86_64-linux-gnu/libncurses.so.6.4)
==90885==    by 0x486F567: initscr (in /usr/lib/x86_64-linux-gnu/libncurses.so.6.4)
==90885==    by 0x1095F3: main (in /mnt/c/Users/patri/Desktop/moje/skola/udsp_semka/client_app)
==90885== 
==90885== 24 bytes in 1 blocks are still reachable in loss record 19 of 71
==90885==    at 0x4846828: malloc (in /usr/libexec/valgrind/vgpreload_memcheck-amd64-linux.so)
==90885==    by 0x49E4571: tsearch (tsearch.c:337)
==90885==    by 0x489C6C7: ??? (in /usr/lib/x86_64-linux-gnu/libtinfo.so.6.4)
==90885==    by 0x48A1278: _nc_tiparm (in /usr/lib/x86_64-linux-gnu/libtinfo.so.6.4)
==90885==    by 0x486EB8B: newterm_sp (in /usr/lib/x86_64-linux-gnu/libncurses.so.6.4)
==90885==    by 0x486F4D4: newterm (in /usr/lib/x86_64-linux-gnu/libncurses.so.6.4)
==90885==    by 0x486F567: initscr (in /usr/lib/x86_64-linux-gnu/libncurses.so.6.4)
==90885==    by 0x1095F3: main (in /mnt/c/Users/patri/Desktop/moje/skola/udsp_semka/client_app)
==90885== 
==90885== 24 bytes in 1 blocks are still reachable in loss record 20 of 71
==90885==    at 0x4846828: malloc (in /usr/libexec/valgrind/vgpreload_memcheck-amd64-linux.so)
==90885==    by 0x49E4571: tsearch (tsearch.c:337)
==90885==    by 0x489C6C7: ??? (in /usr/lib/x86_64-linux-gnu/libtinfo.so.6.4)
==90885==    by 0x48A1278: _nc_tiparm (in /usr/lib/x86_64-linux-gnu/libtinfo.so.6.4)
==90885==    by 0x486EBC3: newterm_sp (in /usr/lib/x86_64-linux-gnu/libncurses.so.6.4)
==90885==    by 0x486F4D4: newterm (in /usr/lib/x86_64-linux-gnu/libncurses.so.6.4)
==90885==    by 0x486F567: initscr (in /usr/lib/x86_64-linux-gnu/libncurses.so.6.4)
==90885==    by 0x1095F3: main (in /mnt/c/Users/patri/Desktop/moje/skola/udsp_semka/client_app)
==90885== 
==90885== 24 bytes in 1 blocks are still reachable in loss record 21 of 71
==90885==    at 0x4846828: malloc (in /usr/libexec/valgrind/vgpreload_memcheck-amd64-linux.so)
==90885==    by 0x49E4571: tsearch (tsearch.c:337)
==90885==    by 0x489C6C7: ??? (in /usr/lib/x86_64-linux-gnu/libtinfo.so.6.4)
==90885==    by 0x48A1278: _nc_tiparm (in /usr/lib/x86_64-linux-gnu/libtinfo.so.6.4)
==90885==    by 0x486EBFB: newterm_sp (in /usr/lib/x86_64-linux-gnu/libncurses.so.6.4)
==90885==    by 0x486F4D4: newterm (in /usr/lib/x86_64-linux-gnu/libncurses.so.6.4)
==90885==    by 0x486F567: initscr (in /usr/lib/x86_64-linux-gnu/libncurses.so.6.4)
==90885==    by 0x1095F3: main (in /mnt/c/Users/patri/Desktop/moje/skola/udsp_semka/client_app)
==90885== 
==90885== 24 bytes in 1 blocks are still reachable in loss record 22 of 71
==90885==    at 0x4846828: malloc (in /usr/libexec/valgrind/vgpreload_memcheck-amd64-linux.so)
==90885==    by 0x49E4571: tsearch (tsearch.c:337)
==90885==    by 0x489C6C7: ??? (in /usr/lib/x86_64-linux-gnu/libtinfo.so.6.4)
==90885==    by 0x48A1278: _nc_tiparm (in /usr/lib/x86_64-linux-gnu/libtinfo.so.6.4)
==90885==    by 0x486EC30: newterm_sp (in /usr/lib/x86_64-linux-gnu/libncurses.so.6.4)
==90885==    by 0x486F4D4: newterm (in /usr/lib/x86_64-linux-gnu/libncurses.so.6.4)
==90885==    by 0x486F567: initscr (in /usr/lib/x86_64-linux-gnu/libncurses.so.6.4)
==90885==    by 0x1095F3: main (in /mnt/c/Users/patri/Desktop/moje/skola/udsp_semka/client_app)
==90885== 
==90885== 24 bytes in 1 blocks are still reachable in loss record 23 of 71
==90885==    at 0x4846828: malloc (in /usr/libexec/valgrind/vgpreload_memcheck-amd64-linux.so)
==90885==    by 0x49E4571: tsearch (tsearch.c:337)
==90885==    by 0x489C6C7: ??? (in /usr/lib/x86_64-linux-gnu/libtinfo.so.6.4)
==90885==    by 0x48A1278: _nc_tiparm (in /usr/lib/x86_64-linux-gnu/libtinfo.so.6.4)
==90885==    by 0x486EC68: newterm_sp (in /usr/lib/x86_64-linux-gnu/libncurses.so.6.4)
==90885==    by 0x486F4D4: newterm (in /usr/lib/x86_64-linux-gnu/libncurses.so.6.4)
==90885==    by 0x486F567: initscr (in /usr/lib/x86_64-linux-gnu/libncurses.so.6.4)
==90885==    by 0x1095F3: main (in /mnt/c/Users/patri/Desktop/moje/skola/udsp_semka/client_app)
==90885== 
==90885== 24 bytes in 1 blocks are still reachable in loss record 24 of 71
==90885==    at 0x4846828: malloc (in /usr/libexec/valgrind/vgpreload_memcheck-amd64-linux.so)
==90885==    by 0x49E4571: tsearch (tsearch.c:337)
==90885==    by 0x489C6C7: ??? (in /usr/lib/x86_64-linux-gnu/libtinfo.so.6.4)
==90885==    by 0x48A1278: _nc_tiparm (in /usr/lib/x86_64-linux-gnu/libtinfo.so.6.4)
==90885==    by 0x486EDAA: newterm_sp (in /usr/lib/x86_64-linux-gnu/libncurses.so.6.4)
==90885==    by 0x486F4D4: newterm (in /usr/lib/x86_64-linux-gnu/libncurses.so.6.4)
==90885==    by 0x486F567: initscr (in /usr/lib/x86_64-linux-gnu/libncurses.so.6.4)
==90885==    by 0x1095F3: main (in /mnt/c/Users/patri/Desktop/moje/skola/udsp_semka/client_app)
==90885== 
==90885== 24 bytes in 1 blocks are still reachable in loss record 25 of 71
==90885==    at 0x4846828: malloc (in /usr/libexec/valgrind/vgpreload_memcheck-amd64-linux.so)
==90885==    by 0x49E4571: tsearch (tsearch.c:337)
==90885==    by 0x489C6C7: ??? (in /usr/lib/x86_64-linux-gnu/libtinfo.so.6.4)
==90885==    by 0x48A1278: _nc_tiparm (in /usr/lib/x86_64-linux-gnu/libtinfo.so.6.4)
==90885==    by 0x486EDF8: newterm_sp (in /usr/lib/x86_64-linux-gnu/libncurses.so.6.4)
==90885==    by 0x486F4D4: newterm (in /usr/lib/x86_64-linux-gnu/libncurses.so.6.4)
==90885==    by 0x486F567: initscr (in /usr/lib/x86_64-linux-gnu/libncurses.so.6.4)
==90885==    by 0x1095F3: main (in /mnt/c/Users/patri/Desktop/moje/skola/udsp_semka/client_app)
==90885== 
==90885== 24 bytes in 1 blocks are still reachable in loss record 26 of 71
==90885==    at 0x4846828: malloc (in /usr/libexec/valgrind/vgpreload_memcheck-amd64-linux.so)
==90885==    by 0x49E4571: tsearch (tsearch.c:337)
==90885==    by 0x489C6C7: ??? (in /usr/lib/x86_64-linux-gnu/libtinfo.so.6.4)
==90885==    by 0x48A1278: _nc_tiparm (in /usr/lib/x86_64-linux-gnu/libtinfo.so.6.4)
==90885==    by 0x486EE46: newterm_sp (in /usr/lib/x86_64-linux-gnu/libncurses.so.6.4)
==90885==    by 0x486F4D4: newterm (in /usr/lib/x86_64-linux-gnu/libncurses.so.6.4)
==90885==    by 0x486F567: initscr (in /usr/lib/x86_64-linux-gnu/libncurses.so.6.4)
==90885==    by 0x1095F3: main (in /mnt/c/Users/patri/Desktop/moje/skola/udsp_semka/client_app)
==90885== 
==90885== 24 bytes in 1 blocks are still reachable in loss record 27 of 71
==90885==    at 0x4846828: malloc (in /usr/libexec/valgrind/vgpreload_memcheck-amd64-linux.so)
==90885==    by 0x49E4571: tsearch (tsearch.c:337)
==90885==    by 0x489C6C7: ??? (in /usr/lib/x86_64-linux-gnu/libtinfo.so.6.4)
==90885==    by 0x48A1278: _nc_tiparm (in /usr/lib/x86_64-linux-gnu/libtinfo.so.6.4)
==90885==    by 0x486EE99: newterm_sp (in /usr/lib/x86_64-linux-gnu/libncurses.so.6.4)
==90885==    by 0x486F4D4: newterm (in /usr/lib/x86_64-linux-gnu/libncurses.so.6.4)
==90885==    by 0x486F567: initscr (in /usr/lib/x86_64-linux-gnu/libncurses.so.6.4)
==90885==    by 0x1095F3: main (in /mnt/c/Users/patri/Desktop/moje/skola/udsp_semka/client_app)
==90885== 
==90885== 24 bytes in 1 blocks are still reachable in loss record 28 of 71
==90885==    at 0x4846828: malloc (in /usr/libexec/valgrind/vgpreload_memcheck-amd64-linux.so)
==90885==    by 0x49E4571: tsearch (tsearch.c:337)
==90885==    by 0x489C6C7: ??? (in /usr/lib/x86_64-linux-gnu/libtinfo.so.6.4)
==90885==    by 0x48A1278: _nc_tiparm (in /usr/lib/x86_64-linux-gnu/libtinfo.so.6.4)
==90885==    by 0x486C813: ??? (in /usr/lib/x86_64-linux-gnu/libncurses.so.6.4)
==90885==    by 0x486F016: newterm_sp (in /usr/lib/x86_64-linux-gnu/libncurses.so.6.4)
==90885==    by 0x486F4D4: newterm (in /usr/lib/x86_64-linux-gnu/libncurses.so.6.4)
==90885==    by 0x486F567: initscr (in /usr/lib/x86_64-linux-gnu/libncurses.so.6.4)
==90885==    by 0x1095F3: main (in /mnt/c/Users/patri/Desktop/moje/skola/udsp_semka/client_app)
==90885== 
==90885== 24 bytes in 1 blocks are possibly lost in loss record 29 of 71
==90885==    at 0x4846828: malloc (in /usr/libexec/valgrind/vgpreload_memcheck-amd64-linux.so)
==90885==    by 0x49E4571: tsearch (tsearch.c:337)
==90885==    by 0x489C6C7: ??? (in /usr/lib/x86_64-linux-gnu/libtinfo.so.6.4)
==90885==    by 0x48A1278: _nc_tiparm (in /usr/lib/x86_64-linux-gnu/libtinfo.so.6.4)
==90885==    by 0x486EB53: newterm_sp (in /usr/lib/x86_64-linux-gnu/libncurses.so.6.4)
==90885==    by 0x486F4D4: newterm (in /usr/lib/x86_64-linux-gnu/libncurses.so.6.4)
==90885==    by 0x486F567: initscr (in /usr/lib/x86_64-linux-gnu/libncurses.so.6.4)
==90885==    by 0x1095F3: main (in /mnt/c/Users/patri/Desktop/moje/skola/udsp_semka/client_app)
==90885== 
==90885== 39 bytes in 1 blocks are still reachable in loss record 30 of 71
==90885==    at 0x484DB80: realloc (in /usr/libexec/valgrind/vgpreload_memcheck-amd64-linux.so)
==90885==    by 0x48989DC: _nc_doalloc (in /usr/lib/x86_64-linux-gnu/libtinfo.so.6.4)
==90885==    by 0x489C237: _nc_tparm_analyze (in /usr/lib/x86_64-linux-gnu/libtinfo.so.6.4)
==90885==    by 0x489C5B2: ??? (in /usr/lib/x86_64-linux-gnu/libtinfo.so.6.4)
==90885==    by 0x48A1278: _nc_tiparm (in /usr/lib/x86_64-linux-gnu/libtinfo.so.6.4)
==90885==    by 0x486EE99: newterm_sp (in /usr/lib/x86_64-linux-gnu/libncurses.so.6.4)
==90885==    by 0x486F4D4: newterm (in /usr/lib/x86_64-linux-gnu/libncurses.so.6.4)
==90885==    by 0x486F567: initscr (in /usr/lib/x86_64-linux-gnu/libncurses.so.6.4)
==90885==    by 0x1095F3: main (in /mnt/c/Users/patri/Desktop/moje/skola/udsp_semka/client_app)
==90885== 
==90885== 47 bytes in 1 blocks are still reachable in loss record 31 of 71
==90885==    at 0x484DB80: realloc (in /usr/libexec/valgrind/vgpreload_memcheck-amd64-linux.so)
==90885==    by 0x48989DC: _nc_doalloc (in /usr/lib/x86_64-linux-gnu/libtinfo.so.6.4)
==90885==    by 0x48A74A8: _nc_read_termtype (in /usr/lib/x86_64-linux-gnu/libtinfo.so.6.4)
==90885==    by 0x48A85C1: _nc_read_file_entry (in /usr/lib/x86_64-linux-gnu/libtinfo.so.6.4)
==90885==    by 0x48A894C: ??? (in /usr/lib/x86_64-linux-gnu/libtinfo.so.6.4)
==90885==    by 0x48A8AB0: _nc_read_entry2 (in /usr/lib/x86_64-linux-gnu/libtinfo.so.6.4)
==90885==    by 0x48A4135: ??? (in /usr/lib/x86_64-linux-gnu/libtinfo.so.6.4)
==90885==    by 0x48A42C5: _nc_setupterm (in /usr/lib/x86_64-linux-gnu/libtinfo.so.6.4)
==90885==    by 0x486E1F7: newterm_sp (in /usr/lib/x86_64-linux-gnu/libncurses.so.6.4)
==90885==    by 0x486F4D4: newterm (in /usr/lib/x86_64-linux-gnu/libncurses.so.6.4)
==90885==    by 0x486F567: initscr (in /usr/lib/x86_64-linux-gnu/libncurses.so.6.4)
==90885==    by 0x1095F3: main (in /mnt/c/Users/patri/Desktop/moje/skola/udsp_semka/client_app)
==90885== 
==90885== 47 bytes in 1 blocks are still reachable in loss record 32 of 71
==90885==    at 0x4846828: malloc (in /usr/libexec/valgrind/vgpreload_memcheck-amd64-linux.so)
==90885==    by 0x4898000: ??? (in /usr/lib/x86_64-linux-gnu/libtinfo.so.6.4)
==90885==    by 0x48A42F7: _nc_setupterm (in /usr/lib/x86_64-linux-gnu/libtinfo.so.6.4)
==90885==    by 0x486E1F7: newterm_sp (in /usr/lib/x86_64-linux-gnu/libncurses.so.6.4)
==90885==    by 0x486F4D4: newterm (in /usr/lib/x86_64-linux-gnu/libncurses.so.6.4)
==90885==    by 0x486F567: initscr (in /usr/lib/x86_64-linux-gnu/libncurses.so.6.4)
==90885==    by 0x1095F3: main (in /mnt/c/Users/patri/Desktop/moje/skola/udsp_semka/client_app)
==90885== 
==90885== 48 bytes in 1 blocks are still reachable in loss record 33 of 71
==90885==    at 0x484D953: calloc (in /usr/libexec/valgrind/vgpreload_memcheck-amd64-linux.so)
==90885==    by 0x4899B9B: _nc_first_db (in /usr/lib/x86_64-linux-gnu/libtinfo.so.6.4)
==90885==    by 0x48A8A8A: _nc_read_entry2 (in /usr/lib/x86_64-linux-gnu/libtinfo.so.6.4)
==90885==    by 0x48A4135: ??? (in /usr/lib/x86_64-linux-gnu/libtinfo.so.6.4)
==90885==    by 0x48A42C5: _nc_setupterm (in /usr/lib/x86_64-linux-gnu/libtinfo.so.6.4)
==90885==    by 0x486E1F7: newterm_sp (in /usr/lib/x86_64-linux-gnu/libncurses.so.6.4)
==90885==    by 0x486F4D4: newterm (in /usr/lib/x86_64-linux-gnu/libncurses.so.6.4)
==90885==    by 0x486F567: initscr (in /usr/lib/x86_64-linux-gnu/libncurses.so.6.4)
==90885==    by 0x1095F3: main (in /mnt/c/Users/patri/Desktop/moje/skola/udsp_semka/client_app)
==90885== 
==90885== 70 bytes in 1 blocks are still reachable in loss record 34 of 71
==90885==    at 0x484DB80: realloc (in /usr/libexec/valgrind/vgpreload_memcheck-amd64-linux.so)
==90885==    by 0x48989DC: _nc_doalloc (in /usr/lib/x86_64-linux-gnu/libtinfo.so.6.4)
==90885==    by 0x48A1B43: _nc_tiparm (in /usr/lib/x86_64-linux-gnu/libtinfo.so.6.4)
==90885==    by 0x486EB1B: newterm_sp (in /usr/lib/x86_64-linux-gnu/libncurses.so.6.4)
==90885==    by 0x486F4D4: newterm (in /usr/lib/x86_64-linux-gnu/libncurses.so.6.4)
==90885==    by 0x486F567: initscr (in /usr/lib/x86_64-linux-gnu/libncurses.so.6.4)
==90885==    by 0x1095F3: main (in /mnt/c/Users/patri/Desktop/moje/skola/udsp_semka/client_app)
==90885== 
==90885== 78 bytes in 1 blocks are still reachable in loss record 35 of 71
==90885==    at 0x4846828: malloc (in /usr/libexec/valgrind/vgpreload_memcheck-amd64-linux.so)
==90885==    by 0x4898129: ??? (in /usr/lib/x86_64-linux-gnu/libtinfo.so.6.4)
==90885==    by 0x48A42F7: _nc_setupterm (in /usr/lib/x86_64-linux-gnu/libtinfo.so.6.4)
==90885==    by 0x486E1F7: newterm_sp (in /usr/lib/x86_64-linux-gnu/libncurses.so.6.4)
==90885==    by 0x486F4D4: newterm (in /usr/lib/x86_64-linux-gnu/libncurses.so.6.4)
==90885==    by 0x486F567: initscr (in /usr/lib/x86_64-linux-gnu/libncurses.so.6.4)
==90885==    by 0x1095F3: main (in /mnt/c/Users/patri/Desktop/moje/skola/udsp_semka/client_app)
==90885== 
==90885== 93 bytes in 1 blocks are still reachable in loss record 36 of 71
==90885==    at 0x4846828: malloc (in /usr/libexec/valgrind/vgpreload_memcheck-amd64-linux.so)
==90885==    by 0x4899AFF: _nc_first_db (in /usr/lib/x86_64-linux-gnu/libtinfo.so.6.4)
==90885==    by 0x48A8A8A: _nc_read_entry2 (in /usr/lib/x86_64-linux-gnu/libtinfo.so.6.4)
==90885==    by 0x48A4135: ??? (in /usr/lib/x86_64-linux-gnu/libtinfo.so.6.4)
==90885==    by 0x48A42C5: _nc_setupterm (in /usr/lib/x86_64-linux-gnu/libtinfo.so.6.4)
==90885==    by 0x486E1F7: newterm_sp (in /usr/lib/x86_64-linux-gnu/libncurses.so.6.4)
==90885==    by 0x486F4D4: newterm (in /usr/lib/x86_64-linux-gnu/libncurses.so.6.4)
==90885==    by 0x486F567: initscr (in /usr/lib/x86_64-linux-gnu/libncurses.so.6.4)
==90885==    by 0x1095F3: main (in /mnt/c/Users/patri/Desktop/moje/skola/udsp_semka/client_app)
==90885== 
==90885== 104 bytes in 1 blocks are still reachable in loss record 37 of 71
==90885==    at 0x484D953: calloc (in /usr/libexec/valgrind/vgpreload_memcheck-amd64-linux.so)
==90885==    by 0x4867917: ??? (in /usr/lib/x86_64-linux-gnu/libncurses.so.6.4)
==90885==    by 0x486CAD7: newwin_sp (in /usr/lib/x86_64-linux-gnu/libncurses.so.6.4)
==90885==    by 0x486E634: newterm_sp (in /usr/lib/x86_64-linux-gnu/libncurses.so.6.4)
==90885==    by 0x486F4D4: newterm (in /usr/lib/x86_64-linux-gnu/libncurses.so.6.4)
==90885==    by 0x486F567: initscr (in /usr/lib/x86_64-linux-gnu/libncurses.so.6.4)
==90885==    by 0x1095F3: main (in /mnt/c/Users/patri/Desktop/moje/skola/udsp_semka/client_app)
==90885== 
==90885== 104 bytes in 1 blocks are still reachable in loss record 38 of 71
==90885==    at 0x484D953: calloc (in /usr/libexec/valgrind/vgpreload_memcheck-amd64-linux.so)
==90885==    by 0x4867917: ??? (in /usr/lib/x86_64-linux-gnu/libncurses.so.6.4)
==90885==    by 0x486CAD7: newwin_sp (in /usr/lib/x86_64-linux-gnu/libncurses.so.6.4)
==90885==    by 0x486E65D: newterm_sp (in /usr/lib/x86_64-linux-gnu/libncurses.so.6.4)
==90885==    by 0x486F4D4: newterm (in /usr/lib/x86_64-linux-gnu/libncurses.so.6.4)
==90885==    by 0x486F567: initscr (in /usr/lib/x86_64-linux-gnu/libncurses.so.6.4)
==90885==    by 0x1095F3: main (in /mnt/c/Users/patri/Desktop/moje/skola/udsp_semka/client_app)
==90885== 
==90885== 104 bytes in 1 blocks are still reachable in loss record 39 of 71
==90885==    at 0x484D953: calloc (in /usr/libexec/valgrind/vgpreload_memcheck-amd64-linux.so)
==90885==    by 0x4867917: ??? (in /usr/lib/x86_64-linux-gnu/libncurses.so.6.4)
==90885==    by 0x486CAD7: newwin_sp (in /usr/lib/x86_64-linux-gnu/libncurses.so.6.4)
==90885==    by 0x486E80E: newterm_sp (in /usr/lib/x86_64-linux-gnu/libncurses.so.6.4)
==90885==    by 0x486F4D4: newterm (in /usr/lib/x86_64-linux-gnu/libncurses.so.6.4)
==90885==    by 0x486F567: initscr (in /usr/lib/x86_64-linux-gnu/libncurses.so.6.4)
==90885==    by 0x1095F3: main (in /mnt/c/Users/patri/Desktop/moje/skola/udsp_semka/client_app)
==90885== 
==90885== 128 bytes in 1 blocks are still reachable in loss record 40 of 71
==90885==    at 0x484D953: calloc (in /usr/libexec/valgrind/vgpreload_memcheck-amd64-linux.so)
==90885==    by 0x486E26E: newterm_sp (in /usr/lib/x86_64-linux-gnu/libncurses.so.6.4)
==90885==    by 0x486F4D4: newterm (in /usr/lib/x86_64-linux-gnu/libncurses.so.6.4)
==90885==    by 0x486F567: initscr (in /usr/lib/x86_64-linux-gnu/libncurses.so.6.4)
==90885==    by 0x1095F3: main (in /mnt/c/Users/patri/Desktop/moje/skola/udsp_semka/client_app)
==90885== 
==90885== 156 bytes in 1 blocks are still reachable in loss record 41 of 71
==90885==    at 0x484DB80: realloc (in /usr/libexec/valgrind/vgpreload_memcheck-amd64-linux.so)
==90885==    by 0x48989DC: _nc_doalloc (in /usr/lib/x86_64-linux-gnu/libtinfo.so.6.4)
==90885==    by 0x48A74C6: _nc_read_termtype (in /usr/lib/x86_64-linux-gnu/libtinfo.so.6.4)
==90885==    by 0x48A85C1: _nc_read_file_entry (in /usr/lib/x86_64-linux-gnu/libtinfo.so.6.4)
==90885==    by 0x48A894C: ??? (in /usr/lib/x86_64-linux-gnu/libtinfo.so.6.4)
==90885==    by 0x48A8AB0: _nc_read_entry2 (in /usr/lib/x86_64-linux-gnu/libtinfo.so.6.4)
==90885==    by 0x48A4135: ??? (in /usr/lib/x86_64-linux-gnu/libtinfo.so.6.4)
==90885==    by 0x48A42C5: _nc_setupterm (in /usr/lib/x86_64-linux-gnu/libtinfo.so.6.4)
==90885==    by 0x486E1F7: newterm_sp (in /usr/lib/x86_64-linux-gnu/libncurses.so.6.4)
==90885==    by 0x486F4D4: newterm (in /usr/lib/x86_64-linux-gnu/libncurses.so.6.4)
==90885==    by 0x486F567: initscr (in /usr/lib/x86_64-linux-gnu/libncurses.so.6.4)
==90885==    by 0x1095F3: main (in /mnt/c/Users/patri/Desktop/moje/skola/udsp_semka/client_app)
==90885== 
==90885== 168 bytes in 1 blocks are still reachable in loss record 42 of 71
==90885==    at 0x484D953: calloc (in /usr/libexec/valgrind/vgpreload_memcheck-amd64-linux.so)
==90885==    by 0x489C61E: ??? (in /usr/lib/x86_64-linux-gnu/libtinfo.so.6.4)
==90885==    by 0x48A1278: _nc_tiparm (in /usr/lib/x86_64-linux-gnu/libtinfo.so.6.4)
==90885==    by 0x486EB1B: newterm_sp (in /usr/lib/x86_64-linux-gnu/libncurses.so.6.4)
==90885==    by 0x486F4D4: newterm (in /usr/lib/x86_64-linux-gnu/libncurses.so.6.4)
==90885==    by 0x486F567: initscr (in /usr/lib/x86_64-linux-gnu/libncurses.so.6.4)
==90885==    by 0x1095F3: main (in /mnt/c/Users/patri/Desktop/moje/skola/udsp_semka/client_app)
==90885== 
==90885== 168 bytes in 1 blocks are still reachable in loss record 43 of 71
==90885==    at 0x484D953: calloc (in /usr/libexec/valgrind/vgpreload_memcheck-amd64-linux.so)
==90885==    by 0x489C61E: ??? (in /usr/lib/x86_64-linux-gnu/libtinfo.so.6.4)
==90885==    by 0x48A1278: _nc_tiparm (in /usr/lib/x86_64-linux-gnu/libtinfo.so.6.4)
==90885==    by 0x486EB8B: newterm_sp (in /usr/lib/x86_64-linux-gnu/libncurses.so.6.4)
==90885==    by 0x486F4D4: newterm (in /usr/lib/x86_64-linux-gnu/libncurses.so.6.4)
==90885==    by 0x486F567: initscr (in /usr/lib/x86_64-linux-gnu/libncurses.so.6.4)
==90885==    by 0x1095F3: main (in /mnt/c/Users/patri/Desktop/moje/skola/udsp_semka/client_app)
==90885== 
==90885== 168 bytes in 1 blocks are still reachable in loss record 44 of 71
==90885==    at 0x484D953: calloc (in /usr/libexec/valgrind/vgpreload_memcheck-amd64-linux.so)
==90885==    by 0x489C61E: ??? (in /usr/lib/x86_64-linux-gnu/libtinfo.so.6.4)
==90885==    by 0x48A1278: _nc_tiparm (in /usr/lib/x86_64-linux-gnu/libtinfo.so.6.4)
==90885==    by 0x486EBC3: newterm_sp (in /usr/lib/x86_64-linux-gnu/libncurses.so.6.4)
==90885==    by 0x486F4D4: newterm (in /usr/lib/x86_64-linux-gnu/libncurses.so.6.4)
==90885==    by 0x486F567: initscr (in /usr/lib/x86_64-linux-gnu/libncurses.so.6.4)
==90885==    by 0x1095F3: main (in /mnt/c/Users/patri/Desktop/moje/skola/udsp_semka/client_app)
==90885== 
==90885== 168 bytes in 1 blocks are still reachable in loss record 45 of 71
==90885==    at 0x484D953: calloc (in /usr/libexec/valgrind/vgpreload_memcheck-amd64-linux.so)
==90885==    by 0x489C61E: ??? (in /usr/lib/x86_64-linux-gnu/libtinfo.so.6.4)
==90885==    by 0x48A1278: _nc_tiparm (in /usr/lib/x86_64-linux-gnu/libtinfo.so.6.4)
==90885==    by 0x486EBFB: newterm_sp (in /usr/lib/x86_64-linux-gnu/libncurses.so.6.4)
==90885==    by 0x486F4D4: newterm (in /usr/lib/x86_64-linux-gnu/libncurses.so.6.4)
==90885==    by 0x486F567: initscr (in /usr/lib/x86_64-linux-gnu/libncurses.so.6.4)
==90885==    by 0x1095F3: main (in /mnt/c/Users/patri/Desktop/moje/skola/udsp_semka/client_app)
==90885== 
==90885== 168 bytes in 1 blocks are still reachable in loss record 46 of 71
==90885==    at 0x484D953: calloc (in /usr/libexec/valgrind/vgpreload_memcheck-amd64-linux.so)
==90885==    by 0x489C61E: ??? (in /usr/lib/x86_64-linux-gnu/libtinfo.so.6.4)
==90885==    by 0x48A1278: _nc_tiparm (in /usr/lib/x86_64-linux-gnu/libtinfo.so.6.4)
==90885==    by 0x486EC30: newterm_sp (in /usr/lib/x86_64-linux-gnu/libncurses.so.6.4)
==90885==    by 0x486F4D4: newterm (in /usr/lib/x86_64-linux-gnu/libncurses.so.6.4)
==90885==    by 0x486F567: initscr (in /usr/lib/x86_64-linux-gnu/libncurses.so.6.4)
==90885==    by 0x1095F3: main (in /mnt/c/Users/patri/Desktop/moje/skola/udsp_semka/client_app)
==90885== 
==90885== 168 bytes in 1 blocks are still reachable in loss record 47 of 71
==90885==    at 0x484D953: calloc (in /usr/libexec/valgrind/vgpreload_memcheck-amd64-linux.so)
==90885==    by 0x489C61E: ??? (in /usr/lib/x86_64-linux-gnu/libtinfo.so.6.4)
==90885==    by 0x48A1278: _nc_tiparm (in /usr/lib/x86_64-linux-gnu/libtinfo.so.6.4)
==90885==    by 0x486EC68: newterm_sp (in /usr/lib/x86_64-linux-gnu/libncurses.so.6.4)
==90885==    by 0x486F4D4: newterm (in /usr/lib/x86_64-linux-gnu/libncurses.so.6.4)
==90885==    by 0x486F567: initscr (in /usr/lib/x86_64-linux-gnu/libncurses.so.6.4)
==90885==    by 0x1095F3: main (in /mnt/c/Users/patri/Desktop/moje/skola/udsp_semka/client_app)
==90885== 
==90885== 168 bytes in 1 blocks are still reachable in loss record 48 of 71
==90885==    at 0x484D953: calloc (in /usr/libexec/valgrind/vgpreload_memcheck-amd64-linux.so)
==90885==    by 0x489C61E: ??? (in /usr/lib/x86_64-linux-gnu/libtinfo.so.6.4)
==90885==    by 0x48A1278: _nc_tiparm (in /usr/lib/x86_64-linux-gnu/libtinfo.so.6.4)
==90885==    by 0x486EDAA: newterm_sp (in /usr/lib/x86_64-linux-gnu/libncurses.so.6.4)
==90885==    by 0x486F4D4: newterm (in /usr/lib/x86_64-linux-gnu/libncurses.so.6.4)
==90885==    by 0x486F567: initscr (in /usr/lib/x86_64-linux-gnu/libncurses.so.6.4)
==90885==    by 0x1095F3: main (in /mnt/c/Users/patri/Desktop/moje/skola/udsp_semka/client_app)
==90885== 
==90885== 168 bytes in 1 blocks are still reachable in loss record 49 of 71
==90885==    at 0x484D953: calloc (in /usr/libexec/valgrind/vgpreload_memcheck-amd64-linux.so)
==90885==    by 0x489C61E: ??? (in /usr/lib/x86_64-linux-gnu/libtinfo.so.6.4)
==90885==    by 0x48A1278: _nc_tiparm (in /usr/lib/x86_64-linux-gnu/libtinfo.so.6.4)
==90885==    by 0x486EDF8: newterm_sp (in /usr/lib/x86_64-linux-gnu/libncurses.so.6.4)
==90885==    by 0x486F4D4: newterm (in /usr/lib/x86_64-linux-gnu/libncurses.so.6.4)
==90885==    by 0x486F567: initscr (in /usr/lib/x86_64-linux-gnu/libncurses.so.6.4)
==90885==    by 0x1095F3: main (in /mnt/c/Users/patri/Desktop/moje/skola/udsp_semka/client_app)
==90885== 
==90885== 168 bytes in 1 blocks are still reachable in loss record 50 of 71
==90885==    at 0x484D953: calloc (in /usr/libexec/valgrind/vgpreload_memcheck-amd64-linux.so)
==90885==    by 0x489C61E: ??? (in /usr/lib/x86_64-linux-gnu/libtinfo.so.6.4)
==90885==    by 0x48A1278: _nc_tiparm (in /usr/lib/x86_64-linux-gnu/libtinfo.so.6.4)
==90885==    by 0x486EE46: newterm_sp (in /usr/lib/x86_64-linux-gnu/libncurses.so.6.4)
==90885==    by 0x486F4D4: newterm (in /usr/lib/x86_64-linux-gnu/libncurses.so.6.4)
==90885==    by 0x486F567: initscr (in /usr/lib/x86_64-linux-gnu/libncurses.so.6.4)
==90885==    by 0x1095F3: main (in /mnt/c/Users/patri/Desktop/moje/skola/udsp_semka/client_app)
==90885== 
==90885== 168 bytes in 1 blocks are still reachable in loss record 51 of 71
==90885==    at 0x484D953: calloc (in /usr/libexec/valgrind/vgpreload_memcheck-amd64-linux.so)
==90885==    by 0x489C61E: ??? (in /usr/lib/x86_64-linux-gnu/libtinfo.so.6.4)
==90885==    by 0x48A1278: _nc_tiparm (in /usr/lib/x86_64-linux-gnu/libtinfo.so.6.4)
==90885==    by 0x486EE99: newterm_sp (in /usr/lib/x86_64-linux-gnu/libncurses.so.6.4)
==90885==    by 0x486F4D4: newterm (in /usr/lib/x86_64-linux-gnu/libncurses.so.6.4)
==90885==    by 0x486F567: initscr (in /usr/lib/x86_64-linux-gnu/libncurses.so.6.4)
==90885==    by 0x1095F3: main (in /mnt/c/Users/patri/Desktop/moje/skola/udsp_semka/client_app)
==90885== 
==90885== 168 bytes in 1 blocks are still reachable in loss record 52 of 71
==90885==    at 0x484D953: calloc (in /usr/libexec/valgrind/vgpreload_memcheck-amd64-linux.so)
==90885==    by 0x489C61E: ??? (in /usr/lib/x86_64-linux-gnu/libtinfo.so.6.4)
==90885==    by 0x48A1278: _nc_tiparm (in /usr/lib/x86_64-linux-gnu/libtinfo.so.6.4)
==90885==    by 0x486C813: ??? (in /usr/lib/x86_64-linux-gnu/libncurses.so.6.4)
==90885==    by 0x486F016: newterm_sp (in /usr/lib/x86_64-linux-gnu/libncurses.so.6.4)
==90885==    by 0x486F4D4: newterm (in /usr/lib/x86_64-linux-gnu/libncurses.so.6.4)
==90885==    by 0x486F567: initscr (in /usr/lib/x86_64-linux-gnu/libncurses.so.6.4)
==90885==    by 0x1095F3: main (in /mnt/c/Users/patri/Desktop/moje/skola/udsp_semka/client_app)
==90885== 
==90885== 168 bytes in 1 blocks are possibly lost in loss record 53 of 71
==90885==    at 0x484D953: calloc (in /usr/libexec/valgrind/vgpreload_memcheck-amd64-linux.so)
==90885==    by 0x489C61E: ??? (in /usr/lib/x86_64-linux-gnu/libtinfo.so.6.4)
==90885==    by 0x48A1278: _nc_tiparm (in /usr/lib/x86_64-linux-gnu/libtinfo.so.6.4)
==90885==    by 0x486EB53: newterm_sp (in /usr/lib/x86_64-linux-gnu/libncurses.so.6.4)
==90885==    by 0x486F4D4: newterm (in /usr/lib/x86_64-linux-gnu/libncurses.so.6.4)
==90885==    by 0x486F567: initscr (in /usr/lib/x86_64-linux-gnu/libncurses.so.6.4)
==90885==    by 0x1095F3: main (in /mnt/c/Users/patri/Desktop/moje/skola/udsp_semka/client_app)
==90885== 
==90885== 288 bytes in 1 blocks are still reachable in loss record 54 of 71
==90885==    at 0x484D953: calloc (in /usr/libexec/valgrind/vgpreload_memcheck-amd64-linux.so)
==90885==    by 0x4867935: ??? (in /usr/lib/x86_64-linux-gnu/libncurses.so.6.4)
==90885==    by 0x486CAD7: newwin_sp (in /usr/lib/x86_64-linux-gnu/libncurses.so.6.4)
==90885==    by 0x486E634: newterm_sp (in /usr/lib/x86_64-linux-gnu/libncurses.so.6.4)
==90885==    by 0x486F4D4: newterm (in /usr/lib/x86_64-linux-gnu/libncurses.so.6.4)
==90885==    by 0x486F567: initscr (in /usr/lib/x86_64-linux-gnu/libncurses.so.6.4)
==90885==    by 0x1095F3: main (in /mnt/c/Users/patri/Desktop/moje/skola/udsp_semka/client_app)
==90885== 
==90885== 288 bytes in 1 blocks are still reachable in loss record 55 of 71
==90885==    at 0x484D953: calloc (in /usr/libexec/valgrind/vgpreload_memcheck-amd64-linux.so)
==90885==    by 0x4867935: ??? (in /usr/lib/x86_64-linux-gnu/libncurses.so.6.4)
==90885==    by 0x486CAD7: newwin_sp (in /usr/lib/x86_64-linux-gnu/libncurses.so.6.4)
==90885==    by 0x486E65D: newterm_sp (in /usr/lib/x86_64-linux-gnu/libncurses.so.6.4)
==90885==    by 0x486F4D4: newterm (in /usr/lib/x86_64-linux-gnu/libncurses.so.6.4)
==90885==    by 0x486F567: initscr (in /usr/lib/x86_64-linux-gnu/libncurses.so.6.4)
==90885==    by 0x1095F3: main (in /mnt/c/Users/patri/Desktop/moje/skola/udsp_semka/client_app)
==90885== 
==90885== 288 bytes in 1 blocks are still reachable in loss record 56 of 71
==90885==    at 0x484D953: calloc (in /usr/libexec/valgrind/vgpreload_memcheck-amd64-linux.so)
==90885==    by 0x4867935: ??? (in /usr/lib/x86_64-linux-gnu/libncurses.so.6.4)
==90885==    by 0x486CAD7: newwin_sp (in /usr/lib/x86_64-linux-gnu/libncurses.so.6.4)
==90885==    by 0x486E80E: newterm_sp (in /usr/lib/x86_64-linux-gnu/libncurses.so.6.4)
==90885==    by 0x486F4D4: newterm (in /usr/lib/x86_64-linux-gnu/libncurses.so.6.4)
==90885==    by 0x486F567: initscr (in /usr/lib/x86_64-linux-gnu/libncurses.so.6.4)
==90885==    by 0x1095F3: main (in /mnt/c/Users/patri/Desktop/moje/skola/udsp_semka/client_app)
==90885== 
==90885== 512 bytes in 1 blocks are still reachable in loss record 57 of 71
==90885==    at 0x484D953: calloc (in /usr/libexec/valgrind/vgpreload_memcheck-amd64-linux.so)
==90885==    by 0x486E24C: newterm_sp (in /usr/lib/x86_64-linux-gnu/libncurses.so.6.4)
==90885==    by 0x486F4D4: newterm (in /usr/lib/x86_64-linux-gnu/libncurses.so.6.4)
==90885==    by 0x486F567: initscr (in /usr/lib/x86_64-linux-gnu/libncurses.so.6.4)
==90885==    by 0x1095F3: main (in /mnt/c/Users/patri/Desktop/moje/skola/udsp_semka/client_app)
==90885== 
==90885== 712 bytes in 1 blocks are still reachable in loss record 58 of 71
==90885==    at 0x484D953: calloc (in /usr/libexec/valgrind/vgpreload_memcheck-amd64-linux.so)
==90885==    by 0x48A7783: _nc_read_termtype (in /usr/lib/x86_64-linux-gnu/libtinfo.so.6.4)
==90885==    by 0x48A85C1: _nc_read_file_entry (in /usr/lib/x86_64-linux-gnu/libtinfo.so.6.4)
==90885==    by 0x48A894C: ??? (in /usr/lib/x86_64-linux-gnu/libtinfo.so.6.4)
==90885==    by 0x48A8AB0: _nc_read_entry2 (in /usr/lib/x86_64-linux-gnu/libtinfo.so.6.4)
==90885==    by 0x48A4135: ??? (in /usr/lib/x86_64-linux-gnu/libtinfo.so.6.4)
==90885==    by 0x48A42C5: _nc_setupterm (in /usr/lib/x86_64-linux-gnu/libtinfo.so.6.4)
==90885==    by 0x486E1F7: newterm_sp (in /usr/lib/x86_64-linux-gnu/libncurses.so.6.4)
==90885==    by 0x486F4D4: newterm (in /usr/lib/x86_64-linux-gnu/libncurses.so.6.4)
==90885==    by 0x486F567: initscr (in /usr/lib/x86_64-linux-gnu/libncurses.so.6.4)
==90885==    by 0x1095F3: main (in /mnt/c/Users/patri/Desktop/moje/skola/udsp_semka/client_app)
==90885== 
==90885== 712 bytes in 1 blocks are still reachable in loss record 59 of 71
==90885==    at 0x4846828: malloc (in /usr/libexec/valgrind/vgpreload_memcheck-amd64-linux.so)
==90885==    by 0x489827D: ??? (in /usr/lib/x86_64-linux-gnu/libtinfo.so.6.4)
==90885==    by 0x48A42F7: _nc_setupterm (in /usr/lib/x86_64-linux-gnu/libtinfo.so.6.4)
==90885==    by 0x486E1F7: newterm_sp (in /usr/lib/x86_64-linux-gnu/libncurses.so.6.4)
==90885==    by 0x486F4D4: newterm (in /usr/lib/x86_64-linux-gnu/libncurses.so.6.4)
==90885==    by 0x486F567: initscr (in /usr/lib/x86_64-linux-gnu/libncurses.so.6.4)
==90885==    by 0x1095F3: main (in /mnt/c/Users/patri/Desktop/moje/skola/udsp_semka/client_app)
==90885== 
==90885== 760 bytes in 1 blocks are still reachable in loss record 60 of 71
==90885==    at 0x484D953: calloc (in /usr/libexec/valgrind/vgpreload_memcheck-amd64-linux.so)
==90885==    by 0x48A426F: _nc_setupterm (in /usr/lib/x86_64-linux-gnu/libtinfo.so.6.4)
==90885==    by 0x486E1F7: newterm_sp (in /usr/lib/x86_64-linux-gnu/libncurses.so.6.4)
==90885==    by 0x486F4D4: newterm (in /usr/lib/x86_64-linux-gnu/libncurses.so.6.4)
==90885==    by 0x486F567: initscr (in /usr/lib/x86_64-linux-gnu/libncurses.so.6.4)
==90885==    by 0x1095F3: main (in /mnt/c/Users/patri/Desktop/moje/skola/udsp_semka/client_app)
==90885== 
==90885== 1,107 bytes in 1 blocks are still reachable in loss record 61 of 71
==90885==    at 0x4846828: malloc (in /usr/libexec/valgrind/vgpreload_memcheck-amd64-linux.so)
==90885==    by 0x48A766A: _nc_read_termtype (in /usr/lib/x86_64-linux-gnu/libtinfo.so.6.4)
==90885==    by 0x48A85C1: _nc_read_file_entry (in /usr/lib/x86_64-linux-gnu/libtinfo.so.6.4)
==90885==    by 0x48A894C: ??? (in /usr/lib/x86_64-linux-gnu/libtinfo.so.6.4)
==90885==    by 0x48A8AB0: _nc_read_entry2 (in /usr/lib/x86_64-linux-gnu/libtinfo.so.6.4)
==90885==    by 0x48A4135: ??? (in /usr/lib/x86_64-linux-gnu/libtinfo.so.6.4)
==90885==    by 0x48A42C5: _nc_setupterm (in /usr/lib/x86_64-linux-gnu/libtinfo.so.6.4)
==90885==    by 0x486E1F7: newterm_sp (in /usr/lib/x86_64-linux-gnu/libncurses.so.6.4)
==90885==    by 0x486F4D4: newterm (in /usr/lib/x86_64-linux-gnu/libncurses.so.6.4)
==90885==    by 0x486F567: initscr (in /usr/lib/x86_64-linux-gnu/libncurses.so.6.4)
==90885==    by 0x1095F3: main (in /mnt/c/Users/patri/Desktop/moje/skola/udsp_semka/client_app)
==90885== 
==90885== 1,108 bytes in 1 blocks are still reachable in loss record 62 of 71
==90885==    at 0x484D953: calloc (in /usr/libexec/valgrind/vgpreload_memcheck-amd64-linux.so)
==90885==    by 0x4898418: ??? (in /usr/lib/x86_64-linux-gnu/libtinfo.so.6.4)
==90885==    by 0x48A42F7: _nc_setupterm (in /usr/lib/x86_64-linux-gnu/libtinfo.so.6.4)
==90885==    by 0x486E1F7: newterm_sp (in /usr/lib/x86_64-linux-gnu/libncurses.so.6.4)
==90885==    by 0x486F4D4: newterm (in /usr/lib/x86_64-linux-gnu/libncurses.so.6.4)
==90885==    by 0x486F567: initscr (in /usr/lib/x86_64-linux-gnu/libncurses.so.6.4)
==90885==    by 0x1095F3: main (in /mnt/c/Users/patri/Desktop/moje/skola/udsp_semka/client_app)
==90885== 
==90885== 1,632 bytes in 1 blocks are still reachable in loss record 63 of 71
==90885==    at 0x484D953: calloc (in /usr/libexec/valgrind/vgpreload_memcheck-amd64-linux.so)
==90885==    by 0x489B036: new_prescr (in /usr/lib/x86_64-linux-gnu/libtinfo.so.6.4)
==90885==    by 0x486F4C3: newterm (in /usr/lib/x86_64-linux-gnu/libncurses.so.6.4)
==90885==    by 0x486F567: initscr (in /usr/lib/x86_64-linux-gnu/libncurses.so.6.4)
==90885==    by 0x1095F3: main (in /mnt/c/Users/patri/Desktop/moje/skola/udsp_semka/client_app)
==90885== 
==90885== 1,664 bytes in 1 blocks are still reachable in loss record 64 of 71
==90885==    at 0x4846828: malloc (in /usr/libexec/valgrind/vgpreload_memcheck-amd64-linux.so)
==90885==    by 0x48A6CFD: _nc_read_termtype (in /usr/lib/x86_64-linux-gnu/libtinfo.so.6.4)
==90885==    by 0x48A85C1: _nc_read_file_entry (in /usr/lib/x86_64-linux-gnu/libtinfo.so.6.4)
==90885==    by 0x48A894C: ??? (in /usr/lib/x86_64-linux-gnu/libtinfo.so.6.4)
==90885==    by 0x48A8AB0: _nc_read_entry2 (in /usr/lib/x86_64-linux-gnu/libtinfo.so.6.4)
==90885==    by 0x48A4135: ??? (in /usr/lib/x86_64-linux-gnu/libtinfo.so.6.4)
==90885==    by 0x48A42C5: _nc_setupterm (in /usr/lib/x86_64-linux-gnu/libtinfo.so.6.4)
==90885==    by 0x486E1F7: newterm_sp (in /usr/lib/x86_64-linux-gnu/libncurses.so.6.4)
==90885==    by 0x486F4D4: newterm (in /usr/lib/x86_64-linux-gnu/libncurses.so.6.4)
==90885==    by 0x486F567: initscr (in /usr/lib/x86_64-linux-gnu/libncurses.so.6.4)
==90885==    by 0x1095F3: main (in /mnt/c/Users/patri/Desktop/moje/skola/udsp_semka/client_app)
==90885== 
==90885== 2,337 bytes in 1 blocks are still reachable in loss record 65 of 71
==90885==    at 0x4846828: malloc (in /usr/libexec/valgrind/vgpreload_memcheck-amd64-linux.so)
==90885==    by 0x4898210: ??? (in /usr/lib/x86_64-linux-gnu/libtinfo.so.6.4)
==90885==    by 0x48A42F7: _nc_setupterm (in /usr/lib/x86_64-linux-gnu/libtinfo.so.6.4)
==90885==    by 0x486E1F7: newterm_sp (in /usr/lib/x86_64-linux-gnu/libncurses.so.6.4)
==90885==    by 0x486F4D4: newterm (in /usr/lib/x86_64-linux-gnu/libncurses.so.6.4)
==90885==    by 0x486F567: initscr (in /usr/lib/x86_64-linux-gnu/libncurses.so.6.4)
==90885==    by 0x1095F3: main (in /mnt/c/Users/patri/Desktop/moje/skola/udsp_semka/client_app)
==90885== 
==90885== 2,680 bytes in 1 blocks are still reachable in loss record 66 of 71
==90885==    at 0x4846828: malloc (in /usr/libexec/valgrind/vgpreload_memcheck-amd64-linux.so)
==90885==    by 0x486E34F: newterm_sp (in /usr/lib/x86_64-linux-gnu/libncurses.so.6.4)
==90885==    by 0x486F4D4: newterm (in /usr/lib/x86_64-linux-gnu/libncurses.so.6.4)
==90885==    by 0x486F567: initscr (in /usr/lib/x86_64-linux-gnu/libncurses.so.6.4)
==90885==    by 0x1095F3: main (in /mnt/c/Users/patri/Desktop/moje/skola/udsp_semka/client_app)
==90885== 
==90885== 4,000 bytes in 1 blocks are still reachable in loss record 67 of 71
==90885==    at 0x484DB80: realloc (in /usr/libexec/valgrind/vgpreload_memcheck-amd64-linux.so)
==90885==    by 0x48989DC: _nc_doalloc (in /usr/lib/x86_64-linux-gnu/libtinfo.so.6.4)
==90885==    by 0x48A74E4: _nc_read_termtype (in /usr/lib/x86_64-linux-gnu/libtinfo.so.6.4)
==90885==    by 0x48A85C1: _nc_read_file_entry (in /usr/lib/x86_64-linux-gnu/libtinfo.so.6.4)
==90885==    by 0x48A894C: ??? (in /usr/lib/x86_64-linux-gnu/libtinfo.so.6.4)
==90885==    by 0x48A8AB0: _nc_read_entry2 (in /usr/lib/x86_64-linux-gnu/libtinfo.so.6.4)
==90885==    by 0x48A4135: ??? (in /usr/lib/x86_64-linux-gnu/libtinfo.so.6.4)
==90885==    by 0x48A42C5: _nc_setupterm (in /usr/lib/x86_64-linux-gnu/libtinfo.so.6.4)
==90885==    by 0x486E1F7: newterm_sp (in /usr/lib/x86_64-linux-gnu/libncurses.so.6.4)
==90885==    by 0x486F4D4: newterm (in /usr/lib/x86_64-linux-gnu/libncurses.so.6.4)
==90885==    by 0x486F567: initscr (in /usr/lib/x86_64-linux-gnu/libncurses.so.6.4)
==90885==    by 0x1095F3: main (in /mnt/c/Users/patri/Desktop/moje/skola/udsp_semka/client_app)
==90885== 
==90885== 4,000 bytes in 1 blocks are still reachable in loss record 68 of 71
==90885==    at 0x4846828: malloc (in /usr/libexec/valgrind/vgpreload_memcheck-amd64-linux.so)
==90885==    by 0x4898021: ??? (in /usr/lib/x86_64-linux-gnu/libtinfo.so.6.4)
==90885==    by 0x48A42F7: _nc_setupterm (in /usr/lib/x86_64-linux-gnu/libtinfo.so.6.4)
==90885==    by 0x486E1F7: newterm_sp (in /usr/lib/x86_64-linux-gnu/libncurses.so.6.4)
==90885==    by 0x486F4D4: newterm (in /usr/lib/x86_64-linux-gnu/libncurses.so.6.4)
==90885==    by 0x486F567: initscr (in /usr/lib/x86_64-linux-gnu/libncurses.so.6.4)
==90885==    by 0x1095F3: main (in /mnt/c/Users/patri/Desktop/moje/skola/udsp_semka/client_app)
==90885== 
==90885== 9,216 bytes in 18 blocks are still reachable in loss record 69 of 71
==90885==    at 0x484D953: calloc (in /usr/libexec/valgrind/vgpreload_memcheck-amd64-linux.so)
==90885==    by 0x486CB14: newwin_sp (in /usr/lib/x86_64-linux-gnu/libncurses.so.6.4)
==90885==    by 0x486E634: newterm_sp (in /usr/lib/x86_64-linux-gnu/libncurses.so.6.4)
==90885==    by 0x486F4D4: newterm (in /usr/lib/x86_64-linux-gnu/libncurses.so.6.4)
==90885==    by 0x486F567: initscr (in /usr/lib/x86_64-linux-gnu/libncurses.so.6.4)
==90885==    by 0x1095F3: main (in /mnt/c/Users/patri/Desktop/moje/skola/udsp_semka/client_app)
==90885== 
==90885== 9,216 bytes in 18 blocks are still reachable in loss record 70 of 71
==90885==    at 0x484D953: calloc (in /usr/libexec/valgrind/vgpreload_memcheck-amd64-linux.so)
==90885==    by 0x486CB14: newwin_sp (in /usr/lib/x86_64-linux-gnu/libncurses.so.6.4)
==90885==    by 0x486E65D: newterm_sp (in /usr/lib/x86_64-linux-gnu/libncurses.so.6.4)
==90885==    by 0x486F4D4: newterm (in /usr/lib/x86_64-linux-gnu/libncurses.so.6.4)
==90885==    by 0x486F567: initscr (in /usr/lib/x86_64-linux-gnu/libncurses.so.6.4)
==90885==    by 0x1095F3: main (in /mnt/c/Users/patri/Desktop/moje/skola/udsp_semka/client_app)
==90885== 
==90885== 9,216 bytes in 18 blocks are still reachable in loss record 71 of 71
==90885==    at 0x484D953: calloc (in /usr/libexec/valgrind/vgpreload_memcheck-amd64-linux.so)
==90885==    by 0x486CB14: newwin_sp (in /usr/lib/x86_64-linux-gnu/libncurses.so.6.4)
==90885==    by 0x486E80E: newterm_sp (in /usr/lib/x86_64-linux-gnu/libncurses.so.6.4)
==90885==    by 0x486F4D4: newterm (in /usr/lib/x86_64-linux-gnu/libncurses.so.6.4)
==90885==    by 0x486F567: initscr (in /usr/lib/x86_64-linux-gnu/libncurses.so.6.4)
==90885==    by 0x1095F3: main (in /mnt/c/Users/patri/Desktop/moje/skola/udsp_semka/client_app)
==90885== 
==90885== LEAK SUMMARY:
==90885==    definitely lost: 0 bytes in 0 blocks
==90885==    indirectly lost: 0 bytes in 0 blocks
==90885==      possibly lost: 201 bytes in 3 blocks
==90885==    still reachable: 53,066 bytes in 119 blocks
==90885==         suppressed: 0 bytes in 0 blocks
==90885== 
==90885== For lists of detected and suppressed errors, rerun with: -s
==90885== ERROR SUMMARY: 3 errors from 3 contexts (suppressed: 0 from 0)
