==90851== Memcheck, a memory error detector
==90851== Copyright (C) 2002-2022, and GNU GPL'd, by Julian Seward et al.
==90851== Using Valgrind-3.22.0 and LibVEX; rerun with -h for copyright info
==90851== Command: ./server_app
==90851== Parent PID: 90847
==90851== 
==90851== 
==90851== HEAP SUMMARY:
==90851==     in use at exit: 272 bytes in 1 blocks
==90851==   total heap usage: 57 allocs, 56 frees, 2,344 bytes allocated
==90851== 
==90851== 272 bytes in 1 blocks are possibly lost in loss record 1 of 1
==90851==    at 0x484D953: calloc (in /usr/libexec/valgrind/vgpreload_memcheck-amd64-linux.so)
==90851==    by 0x40145AB: calloc (rtld-malloc.h:44)
==90851==    by 0x40145AB: allocate_dtv (dl-tls.c:370)
==90851==    by 0x40145AB: _dl_allocate_tls (dl-tls.c:629)
==90851==    by 0x48FC616: allocate_stack (allocatestack.c:429)
==90851==    by 0x48FC616: pthread_create@@GLIBC_2.34 (pthread_create.c:655)
==90851==    by 0x109998: main (in /mnt/c/Users/patri/Desktop/moje/skola/udsp_semka/server_app)
==90851== 
==90851== LEAK SUMMARY:
==90851==    definitely lost: 0 bytes in 0 blocks
==90851==    indirectly lost: 0 bytes in 0 blocks
==90851==      possibly lost: 272 bytes in 1 blocks
==90851==    still reachable: 0 bytes in 0 blocks
==90851==         suppressed: 0 bytes in 0 blocks
==90851== 
==90851== For lists of detected and suppressed errors, rerun with: -s
==90851== ERROR SUMMARY: 1 errors from 1 contexts (suppressed: 0 from 0)
